[0.889s] Invoking command in '/home/choiyujiin/Desktop/rostwo_ws/build/dynamixel_sdk': CMAKE_PREFIX_PATH=${CMAKE_PREFIX_PATH}:/opt/ros/foxy /usr/bin/cmake /home/choiyujiin/Desktop/rostwo_ws/src/DynamixelSDK/dynamixel_sdk -DCMAKE_INSTALL_PREFIX=/home/choiyujiin/Desktop/rostwo_ws/install/dynamixel_sdk
[0.929s] -- The C compiler identification is GNU 9.4.0
[0.968s] -- The CXX compiler identification is GNU 9.4.0
[0.971s] -- Check for working C compiler: /usr/bin/cc
[1.018s] -- Check for working C compiler: /usr/bin/cc -- works
[1.019s] -- Detecting C compiler ABI info
[1.069s] -- Detecting C compiler ABI info - done
[1.084s] -- Detecting C compile features
[1.084s] -- Detecting C compile features - done
[1.087s] -- Check for working CXX compiler: /usr/bin/c++
[1.151s] -- Check for working CXX compiler: /usr/bin/c++ -- works
[1.152s] -- Detecting CXX compiler ABI info
[1.210s] -- Detecting CXX compiler ABI info - done
[1.218s] -- Detecting CXX compile features
[1.219s] -- Detecting CXX compile features - done
[1.220s] -- Found ament_cmake: 0.9.12 (/opt/ros/foxy/share/ament_cmake/cmake)
[1.238s] -- Found PythonInterp: /usr/bin/python3 (found suitable version "3.8.10", minimum required is "3") 
[1.238s] -- Using PYTHON_EXECUTABLE: /usr/bin/python3
[1.418s] -- Configuring done
[1.422s] -- Generating done
[1.423s] -- Build files have been written to: /home/choiyujiin/Desktop/rostwo_ws/build/dynamixel_sdk
[1.427s] Invoked command in '/home/choiyujiin/Desktop/rostwo_ws/build/dynamixel_sdk' returned '0': CMAKE_PREFIX_PATH=${CMAKE_PREFIX_PATH}:/opt/ros/foxy /usr/bin/cmake /home/choiyujiin/Desktop/rostwo_ws/src/DynamixelSDK/dynamixel_sdk -DCMAKE_INSTALL_PREFIX=/home/choiyujiin/Desktop/rostwo_ws/install/dynamixel_sdk
[1.430s] Invoking command in '/home/choiyujiin/Desktop/rostwo_ws/build/dynamixel_sdk': CMAKE_PREFIX_PATH=${CMAKE_PREFIX_PATH}:/opt/ros/foxy /usr/bin/cmake --build /home/choiyujiin/Desktop/rostwo_ws/build/dynamixel_sdk -- -j8 -l8
[1.457s] [35m[1mScanning dependencies of target dynamixel_sdk[0m
[1.468s] [ 40%] [32mBuilding CXX object CMakeFiles/dynamixel_sdk.dir/src/dynamixel_sdk/packet_handler.cpp.o[0m
[1.468s] [ 40%] [32mBuilding CXX object CMakeFiles/dynamixel_sdk.dir/src/dynamixel_sdk/protocol1_packet_handler.cpp.o[0m
[1.469s] [ 40%] [32mBuilding CXX object CMakeFiles/dynamixel_sdk.dir/src/dynamixel_sdk/protocol2_packet_handler.cpp.o[0m
[1.469s] [ 40%] [32mBuilding CXX object CMakeFiles/dynamixel_sdk.dir/src/dynamixel_sdk/group_sync_read.cpp.o[0m
[1.469s] [ 50%] [32mBuilding CXX object CMakeFiles/dynamixel_sdk.dir/src/dynamixel_sdk/group_bulk_read.cpp.o[0m
[1.471s] [ 60%] [32mBuilding CXX object CMakeFiles/dynamixel_sdk.dir/src/dynamixel_sdk/group_sync_write.cpp.o[0m
[1.477s] [ 70%] [32mBuilding CXX object CMakeFiles/dynamixel_sdk.dir/src/dynamixel_sdk/port_handler.cpp.o[0m
[1.477s] [ 80%] [32mBuilding CXX object CMakeFiles/dynamixel_sdk.dir/src/dynamixel_sdk/group_bulk_write.cpp.o[0m
[1.529s] [ 90%] [32mBuilding CXX object CMakeFiles/dynamixel_sdk.dir/src/dynamixel_sdk/port_handler_linux.cpp.o[0m
[2.012s] [100%] [32m[1mLinking CXX shared library libdynamixel_sdk.so[0m
[2.080s] [100%] Built target dynamixel_sdk
[2.088s] Invoked command in '/home/choiyujiin/Desktop/rostwo_ws/build/dynamixel_sdk' returned '0': CMAKE_PREFIX_PATH=${CMAKE_PREFIX_PATH}:/opt/ros/foxy /usr/bin/cmake --build /home/choiyujiin/Desktop/rostwo_ws/build/dynamixel_sdk -- -j8 -l8
[2.122s] Invoking command in '/home/choiyujiin/Desktop/rostwo_ws/build/dynamixel_sdk': CMAKE_PREFIX_PATH=${CMAKE_PREFIX_PATH}:/opt/ros/foxy /usr/bin/cmake --install /home/choiyujiin/Desktop/rostwo_ws/build/dynamixel_sdk
[2.129s] -- Install configuration: ""
[2.129s] -- Installing: /home/choiyujiin/Desktop/rostwo_ws/install/dynamixel_sdk/include/
[2.129s] -- Installing: /home/choiyujiin/Desktop/rostwo_ws/install/dynamixel_sdk/include//dynamixel_sdk
[2.129s] -- Installing: /home/choiyujiin/Desktop/rostwo_ws/install/dynamixel_sdk/include//dynamixel_sdk/port_handler.h
[2.129s] -- Installing: /home/choiyujiin/Desktop/rostwo_ws/install/dynamixel_sdk/include//dynamixel_sdk/port_handler_mac.h
[2.129s] -- Installing: /home/choiyujiin/Desktop/rostwo_ws/install/dynamixel_sdk/include//dynamixel_sdk/group_sync_read.h
[2.129s] -- Installing: /home/choiyujiin/Desktop/rostwo_ws/install/dynamixel_sdk/include//dynamixel_sdk/protocol2_packet_handler.h
[2.129s] -- Installing: /home/choiyujiin/Desktop/rostwo_ws/install/dynamixel_sdk/include//dynamixel_sdk/port_handler_linux.h
[2.129s] -- Installing: /home/choiyujiin/Desktop/rostwo_ws/install/dynamixel_sdk/include//dynamixel_sdk/dynamixel_sdk.h
[2.129s] -- Installing: /home/choiyujiin/Desktop/rostwo_ws/install/dynamixel_sdk/include//dynamixel_sdk/port_handler_arduino.h
[2.129s] -- Installing: /home/choiyujiin/Desktop/rostwo_ws/install/dynamixel_sdk/include//dynamixel_sdk/port_handler_windows.h
[2.129s] -- Installing: /home/choiyujiin/Desktop/rostwo_ws/install/dynamixel_sdk/include//dynamixel_sdk/group_bulk_write.h
[2.129s] -- Installing: /home/choiyujiin/Desktop/rostwo_ws/install/dynamixel_sdk/include//dynamixel_sdk/group_bulk_read.h
[2.129s] -- Installing: /home/choiyujiin/Desktop/rostwo_ws/install/dynamixel_sdk/include//dynamixel_sdk/group_sync_write.h
[2.129s] -- Installing: /home/choiyujiin/Desktop/rostwo_ws/install/dynamixel_sdk/include//dynamixel_sdk/protocol1_packet_handler.h
[2.129s] -- Installing: /home/choiyujiin/Desktop/rostwo_ws/install/dynamixel_sdk/include//dynamixel_sdk/packet_handler.h
[2.129s] -- Installing: /home/choiyujiin/Desktop/rostwo_ws/install/dynamixel_sdk/lib/libdynamixel_sdk.so
[2.130s] -- Installing: /home/choiyujiin/Desktop/rostwo_ws/install/dynamixel_sdk/share/dynamixel_sdk/environment/library_path.sh
[2.130s] -- Installing: /home/choiyujiin/Desktop/rostwo_ws/install/dynamixel_sdk/share/dynamixel_sdk/environment/library_path.dsv
[2.130s] -- Installing: /home/choiyujiin/Desktop/rostwo_ws/install/dynamixel_sdk/share/ament_index/resource_index/package_run_dependencies/dynamixel_sdk
[2.130s] -- Installing: /home/choiyujiin/Desktop/rostwo_ws/install/dynamixel_sdk/share/ament_index/resource_index/parent_prefix_path/dynamixel_sdk
[2.130s] -- Installing: /home/choiyujiin/Desktop/rostwo_ws/install/dynamixel_sdk/share/dynamixel_sdk/environment/ament_prefix_path.sh
[2.130s] -- Installing: /home/choiyujiin/Desktop/rostwo_ws/install/dynamixel_sdk/share/dynamixel_sdk/environment/ament_prefix_path.dsv
[2.130s] -- Installing: /home/choiyujiin/Desktop/rostwo_ws/install/dynamixel_sdk/share/dynamixel_sdk/environment/path.sh
[2.130s] -- Installing: /home/choiyujiin/Desktop/rostwo_ws/install/dynamixel_sdk/share/dynamixel_sdk/environment/path.dsv
[2.130s] -- Installing: /home/choiyujiin/Desktop/rostwo_ws/install/dynamixel_sdk/share/dynamixel_sdk/local_setup.bash
[2.130s] -- Installing: /home/choiyujiin/Desktop/rostwo_ws/install/dynamixel_sdk/share/dynamixel_sdk/local_setup.sh
[2.130s] -- Installing: /home/choiyujiin/Desktop/rostwo_ws/install/dynamixel_sdk/share/dynamixel_sdk/local_setup.zsh
[2.130s] -- Installing: /home/choiyujiin/Desktop/rostwo_ws/install/dynamixel_sdk/share/dynamixel_sdk/local_setup.dsv
[2.131s] -- Installing: /home/choiyujiin/Desktop/rostwo_ws/install/dynamixel_sdk/share/dynamixel_sdk/package.dsv
[2.131s] -- Installing: /home/choiyujiin/Desktop/rostwo_ws/install/dynamixel_sdk/share/ament_index/resource_index/packages/dynamixel_sdk
[2.131s] -- Installing: /home/choiyujiin/Desktop/rostwo_ws/install/dynamixel_sdk/share/dynamixel_sdk/cmake/ament_cmake_export_include_directories-extras.cmake
[2.131s] -- Installing: /home/choiyujiin/Desktop/rostwo_ws/install/dynamixel_sdk/share/dynamixel_sdk/cmake/ament_cmake_export_libraries-extras.cmake
[2.131s] -- Installing: /home/choiyujiin/Desktop/rostwo_ws/install/dynamixel_sdk/share/dynamixel_sdk/cmake/dynamixel_sdkConfig.cmake
[2.131s] -- Installing: /home/choiyujiin/Desktop/rostwo_ws/install/dynamixel_sdk/share/dynamixel_sdk/cmake/dynamixel_sdkConfig-version.cmake
[2.131s] -- Installing: /home/choiyujiin/Desktop/rostwo_ws/install/dynamixel_sdk/share/dynamixel_sdk/package.xml
[2.133s] Invoked command in '/home/choiyujiin/Desktop/rostwo_ws/build/dynamixel_sdk' returned '0': CMAKE_PREFIX_PATH=${CMAKE_PREFIX_PATH}:/opt/ros/foxy /usr/bin/cmake --install /home/choiyujiin/Desktop/rostwo_ws/build/dynamixel_sdk
