[0.665s] Invoking command in '/home/choiyujiin/Desktop/rostwo_ws/build/dynamixel_sdk_examples': AMENT_PREFIX_PATH=/home/choiyujiin/Desktop/rostwo_ws/install/dynamixel_sdk_custom_interfaces:/home/choiyujiin/Desktop/rostwo_ws/install/dynamixel_sdk:${AMENT_PREFIX_PATH} CMAKE_PREFIX_PATH=/home/choiyujiin/Desktop/rostwo_ws/install/dynamixel_sdk_custom_interfaces:/home/choiyujiin/Desktop/rostwo_ws/install/dynamixel_sdk:/home/choiyujiin/Desktop/rostwo_ws/install/turtlesim:/opt/ros/foxy LD_LIBRARY_PATH=/home/choiyujiin/Desktop/rostwo_ws/install/dynamixel_sdk_custom_interfaces/lib:/home/choiyujiin/Desktop/rostwo_ws/install/dynamixel_sdk/lib:${LD_LIBRARY_PATH} PYTHONPATH=/home/choiyujiin/Desktop/rostwo_ws/install/dynamixel_sdk_custom_interfaces/lib/python3.8/site-packages:${PYTHONPATH} /usr/bin/cmake /home/choiyujiin/Desktop/rostwo_ws/src/DynamixelSDK/dynamixel_sdk_examples -DCMAKE_INSTALL_PREFIX=/home/choiyujiin/Desktop/rostwo_ws/install/dynamixel_sdk_examples
[0.704s] -- The C compiler identification is GNU 9.4.0
[0.742s] -- The CXX compiler identification is GNU 9.4.0
[0.746s] -- Check for working C compiler: /usr/bin/cc
[0.801s] -- Check for working C compiler: /usr/bin/cc -- works
[0.802s] -- Detecting C compiler ABI info
[0.876s] -- Detecting C compiler ABI info - done
[0.893s] -- Detecting C compile features
[0.896s] -- Detecting C compile features - done
[0.916s] -- Check for working CXX compiler: /usr/bin/c++
[1.228s] -- Check for working CXX compiler: /usr/bin/c++ -- works
[1.230s] -- Detecting CXX compiler ABI info
[1.593s] -- Detecting CXX compiler ABI info - done
[1.624s] -- Detecting CXX compile features
[1.641s] -- Detecting CXX compile features - done
[1.644s] -- Found ament_cmake: 0.9.12 (/opt/ros/foxy/share/ament_cmake/cmake)
[1.719s] -- Found PythonInterp: /usr/bin/python3 (found suitable version "3.8.10", minimum required is "3") 
[1.720s] -- Using PYTHON_EXECUTABLE: /usr/bin/python3
[2.066s] -- Found dynamixel_sdk: 3.7.40 (/home/choiyujiin/Desktop/rostwo_ws/install/dynamixel_sdk/share/dynamixel_sdk/cmake)
[2.069s] -- Found dynamixel_sdk_custom_interfaces: 3.7.40 (/home/choiyujiin/Desktop/rostwo_ws/install/dynamixel_sdk_custom_interfaces/share/dynamixel_sdk_custom_interfaces/cmake)
[2.146s] -- Using all available rosidl_typesupport_c: rosidl_typesupport_fastrtps_c;rosidl_typesupport_introspection_c
[2.172s] -- Found rosidl_adapter: 1.3.1 (/opt/ros/foxy/share/rosidl_adapter/cmake)
[2.653s] -- Found OpenSSL: /usr/lib/x86_64-linux-gnu/libcrypto.so (found version "1.1.1f")  
[2.758s] -- Found FastRTPS: /opt/ros/foxy/include  
[2.975s] -- Using all available rosidl_typesupport_cpp: rosidl_typesupport_fastrtps_cpp;rosidl_typesupport_introspection_cpp
[3.050s] -- Found rclcpp: 2.4.3 (/opt/ros/foxy/share/rclcpp/cmake)
[3.120s] -- Found rmw_implementation_cmake: 1.0.4 (/opt/ros/foxy/share/rmw_implementation_cmake/cmake)
[3.123s] -- Using RMW implementation 'rmw_fastrtps_cpp' as default
[3.124s] -- Looking for pthread.h
[3.461s] -- Looking for pthread.h - found
[3.461s] -- Performing Test CMAKE_HAVE_LIBC_PTHREAD
[3.821s] -- Performing Test CMAKE_HAVE_LIBC_PTHREAD - Failed
[3.821s] -- Looking for pthread_create in pthreads
[4.132s] -- Looking for pthread_create in pthreads - not found
[4.132s] -- Looking for pthread_create in pthread
[4.471s] -- Looking for pthread_create in pthread - found
[4.471s] -- Found Threads: TRUE  
[4.785s] -- Found ament_lint_auto: 0.9.8 (/opt/ros/foxy/share/ament_lint_auto/cmake)
[4.956s] -- Added test 'copyright' to check source files copyright and LICENSE
[4.961s] -- Added test 'cppcheck' to perform static code analysis on C / C++ code
[4.961s] -- Configured cppcheck include dirs: /home/choiyujiin/Desktop/rostwo_ws/src/DynamixelSDK/dynamixel_sdk_examples/include
[4.961s] -- Configured cppcheck exclude dirs and/or files: 
[4.966s] -- Added test 'cpplint' to check C / C++ code against the Google style
[4.966s] -- Configured cpplint exclude dirs and/or files: 
[4.966s] -- Added test 'lint_cmake' to check CMake code style
[4.967s] -- Added test 'uncrustify' to check C / C++ code style
[4.967s] -- Configured uncrustify additional arguments: 
[4.968s] -- Added test 'xmllint' to check XML markup files
[4.972s] -- Configuring done
[5.001s] -- Generating done
[5.003s] -- Build files have been written to: /home/choiyujiin/Desktop/rostwo_ws/build/dynamixel_sdk_examples
[5.032s] Invoked command in '/home/choiyujiin/Desktop/rostwo_ws/build/dynamixel_sdk_examples' returned '0': AMENT_PREFIX_PATH=/home/choiyujiin/Desktop/rostwo_ws/install/dynamixel_sdk_custom_interfaces:/home/choiyujiin/Desktop/rostwo_ws/install/dynamixel_sdk:${AMENT_PREFIX_PATH} CMAKE_PREFIX_PATH=/home/choiyujiin/Desktop/rostwo_ws/install/dynamixel_sdk_custom_interfaces:/home/choiyujiin/Desktop/rostwo_ws/install/dynamixel_sdk:/home/choiyujiin/Desktop/rostwo_ws/install/turtlesim:/opt/ros/foxy LD_LIBRARY_PATH=/home/choiyujiin/Desktop/rostwo_ws/install/dynamixel_sdk_custom_interfaces/lib:/home/choiyujiin/Desktop/rostwo_ws/install/dynamixel_sdk/lib:${LD_LIBRARY_PATH} PYTHONPATH=/home/choiyujiin/Desktop/rostwo_ws/install/dynamixel_sdk_custom_interfaces/lib/python3.8/site-packages:${PYTHONPATH} /usr/bin/cmake /home/choiyujiin/Desktop/rostwo_ws/src/DynamixelSDK/dynamixel_sdk_examples -DCMAKE_INSTALL_PREFIX=/home/choiyujiin/Desktop/rostwo_ws/install/dynamixel_sdk_examples
[5.035s] Invoking command in '/home/choiyujiin/Desktop/rostwo_ws/build/dynamixel_sdk_examples': AMENT_PREFIX_PATH=/home/choiyujiin/Desktop/rostwo_ws/install/dynamixel_sdk_custom_interfaces:/home/choiyujiin/Desktop/rostwo_ws/install/dynamixel_sdk:${AMENT_PREFIX_PATH} CMAKE_PREFIX_PATH=/home/choiyujiin/Desktop/rostwo_ws/install/dynamixel_sdk_custom_interfaces:/home/choiyujiin/Desktop/rostwo_ws/install/dynamixel_sdk:/home/choiyujiin/Desktop/rostwo_ws/install/turtlesim:/opt/ros/foxy LD_LIBRARY_PATH=/home/choiyujiin/Desktop/rostwo_ws/install/dynamixel_sdk_custom_interfaces/lib:/home/choiyujiin/Desktop/rostwo_ws/install/dynamixel_sdk/lib:${LD_LIBRARY_PATH} PYTHONPATH=/home/choiyujiin/Desktop/rostwo_ws/install/dynamixel_sdk_custom_interfaces/lib/python3.8/site-packages:${PYTHONPATH} /usr/bin/cmake --build /home/choiyujiin/Desktop/rostwo_ws/build/dynamixel_sdk_examples -- -j8 -l8
[5.207s] [35m[1mScanning dependencies of target read_write_node[0m
[5.271s] [ 50%] [32mBuilding CXX object CMakeFiles/read_write_node.dir/src/read_write_node.cpp.o[0m
[10.310s] [100%] [32m[1mLinking CXX executable read_write_node[0m
[10.515s] [100%] Built target read_write_node
[10.525s] Invoked command in '/home/choiyujiin/Desktop/rostwo_ws/build/dynamixel_sdk_examples' returned '0': AMENT_PREFIX_PATH=/home/choiyujiin/Desktop/rostwo_ws/install/dynamixel_sdk_custom_interfaces:/home/choiyujiin/Desktop/rostwo_ws/install/dynamixel_sdk:${AMENT_PREFIX_PATH} CMAKE_PREFIX_PATH=/home/choiyujiin/Desktop/rostwo_ws/install/dynamixel_sdk_custom_interfaces:/home/choiyujiin/Desktop/rostwo_ws/install/dynamixel_sdk:/home/choiyujiin/Desktop/rostwo_ws/install/turtlesim:/opt/ros/foxy LD_LIBRARY_PATH=/home/choiyujiin/Desktop/rostwo_ws/install/dynamixel_sdk_custom_interfaces/lib:/home/choiyujiin/Desktop/rostwo_ws/install/dynamixel_sdk/lib:${LD_LIBRARY_PATH} PYTHONPATH=/home/choiyujiin/Desktop/rostwo_ws/install/dynamixel_sdk_custom_interfaces/lib/python3.8/site-packages:${PYTHONPATH} /usr/bin/cmake --build /home/choiyujiin/Desktop/rostwo_ws/build/dynamixel_sdk_examples -- -j8 -l8
[10.548s] Invoking command in '/home/choiyujiin/Desktop/rostwo_ws/build/dynamixel_sdk_examples': AMENT_PREFIX_PATH=/home/choiyujiin/Desktop/rostwo_ws/install/dynamixel_sdk_custom_interfaces:/home/choiyujiin/Desktop/rostwo_ws/install/dynamixel_sdk:${AMENT_PREFIX_PATH} CMAKE_PREFIX_PATH=/home/choiyujiin/Desktop/rostwo_ws/install/dynamixel_sdk_custom_interfaces:/home/choiyujiin/Desktop/rostwo_ws/install/dynamixel_sdk:/home/choiyujiin/Desktop/rostwo_ws/install/turtlesim:/opt/ros/foxy LD_LIBRARY_PATH=/home/choiyujiin/Desktop/rostwo_ws/install/dynamixel_sdk_custom_interfaces/lib:/home/choiyujiin/Desktop/rostwo_ws/install/dynamixel_sdk/lib:${LD_LIBRARY_PATH} PYTHONPATH=/home/choiyujiin/Desktop/rostwo_ws/install/dynamixel_sdk_custom_interfaces/lib/python3.8/site-packages:${PYTHONPATH} /usr/bin/cmake --install /home/choiyujiin/Desktop/rostwo_ws/build/dynamixel_sdk_examples
[10.556s] -- Install configuration: ""
[10.556s] -- Installing: /home/choiyujiin/Desktop/rostwo_ws/install/dynamixel_sdk_examples/lib/dynamixel_sdk_examples/read_write_node
[10.558s] -- Set runtime path of "/home/choiyujiin/Desktop/rostwo_ws/install/dynamixel_sdk_examples/lib/dynamixel_sdk_examples/read_write_node" to ""
[10.558s] -- Installing: /home/choiyujiin/Desktop/rostwo_ws/install/dynamixel_sdk_examples/share/ament_index/resource_index/package_run_dependencies/dynamixel_sdk_examples
[10.558s] -- Installing: /home/choiyujiin/Desktop/rostwo_ws/install/dynamixel_sdk_examples/share/ament_index/resource_index/parent_prefix_path/dynamixel_sdk_examples
[10.558s] -- Installing: /home/choiyujiin/Desktop/rostwo_ws/install/dynamixel_sdk_examples/share/dynamixel_sdk_examples/environment/ament_prefix_path.sh
[10.558s] -- Installing: /home/choiyujiin/Desktop/rostwo_ws/install/dynamixel_sdk_examples/share/dynamixel_sdk_examples/environment/ament_prefix_path.dsv
[10.558s] -- Installing: /home/choiyujiin/Desktop/rostwo_ws/install/dynamixel_sdk_examples/share/dynamixel_sdk_examples/environment/path.sh
[10.558s] -- Installing: /home/choiyujiin/Desktop/rostwo_ws/install/dynamixel_sdk_examples/share/dynamixel_sdk_examples/environment/path.dsv
[10.559s] -- Installing: /home/choiyujiin/Desktop/rostwo_ws/install/dynamixel_sdk_examples/share/dynamixel_sdk_examples/local_setup.bash
[10.559s] -- Installing: /home/choiyujiin/Desktop/rostwo_ws/install/dynamixel_sdk_examples/share/dynamixel_sdk_examples/local_setup.sh
[10.559s] -- Installing: /home/choiyujiin/Desktop/rostwo_ws/install/dynamixel_sdk_examples/share/dynamixel_sdk_examples/local_setup.zsh
[10.559s] -- Installing: /home/choiyujiin/Desktop/rostwo_ws/install/dynamixel_sdk_examples/share/dynamixel_sdk_examples/local_setup.dsv
[10.559s] -- Installing: /home/choiyujiin/Desktop/rostwo_ws/install/dynamixel_sdk_examples/share/dynamixel_sdk_examples/package.dsv
[10.559s] -- Installing: /home/choiyujiin/Desktop/rostwo_ws/install/dynamixel_sdk_examples/share/ament_index/resource_index/packages/dynamixel_sdk_examples
[10.559s] -- Installing: /home/choiyujiin/Desktop/rostwo_ws/install/dynamixel_sdk_examples/share/dynamixel_sdk_examples/cmake/dynamixel_sdk_examplesConfig.cmake
[10.559s] -- Installing: /home/choiyujiin/Desktop/rostwo_ws/install/dynamixel_sdk_examples/share/dynamixel_sdk_examples/cmake/dynamixel_sdk_examplesConfig-version.cmake
[10.559s] -- Installing: /home/choiyujiin/Desktop/rostwo_ws/install/dynamixel_sdk_examples/share/dynamixel_sdk_examples/package.xml
[10.561s] Invoked command in '/home/choiyujiin/Desktop/rostwo_ws/build/dynamixel_sdk_examples' returned '0': AMENT_PREFIX_PATH=/home/choiyujiin/Desktop/rostwo_ws/install/dynamixel_sdk_custom_interfaces:/home/choiyujiin/Desktop/rostwo_ws/install/dynamixel_sdk:${AMENT_PREFIX_PATH} CMAKE_PREFIX_PATH=/home/choiyujiin/Desktop/rostwo_ws/install/dynamixel_sdk_custom_interfaces:/home/choiyujiin/Desktop/rostwo_ws/install/dynamixel_sdk:/home/choiyujiin/Desktop/rostwo_ws/install/turtlesim:/opt/ros/foxy LD_LIBRARY_PATH=/home/choiyujiin/Desktop/rostwo_ws/install/dynamixel_sdk_custom_interfaces/lib:/home/choiyujiin/Desktop/rostwo_ws/install/dynamixel_sdk/lib:${LD_LIBRARY_PATH} PYTHONPATH=/home/choiyujiin/Desktop/rostwo_ws/install/dynamixel_sdk_custom_interfaces/lib/python3.8/site-packages:${PYTHONPATH} /usr/bin/cmake --install /home/choiyujiin/Desktop/rostwo_ws/build/dynamixel_sdk_examples
