[0.305s] Invoking command in '/home/choiyujiin/Desktop/rostwo_ws/build/turtlesim': CMAKE_PREFIX_PATH=${CMAKE_PREFIX_PATH}:/opt/ros/foxy /usr/bin/cmake /home/choiyujiin/Desktop/rostwo_ws/src/ros_tutorials/turtlesim -DCMAKE_INSTALL_PREFIX=/home/choiyujiin/Desktop/rostwo_ws/install/turtlesim
[0.344s] -- The C compiler identification is GNU 9.4.0
[0.382s] -- The CXX compiler identification is GNU 9.4.0
[0.385s] -- Check for working C compiler: /usr/bin/cc
[0.438s] -- Check for working C compiler: /usr/bin/cc -- works
[0.438s] -- Detecting C compiler ABI info
[0.486s] -- Detecting C compiler ABI info - done
[0.494s] -- Detecting C compile features
[0.494s] -- Detecting C compile features - done
[0.496s] -- Check for working CXX compiler: /usr/bin/c++
[0.554s] -- Check for working CXX compiler: /usr/bin/c++ -- works
[0.555s] -- Detecting CXX compiler ABI info
[0.610s] -- Detecting CXX compiler ABI info - done
[0.619s] -- Detecting CXX compile features
[0.619s] -- Detecting CXX compile features - done
[0.621s] -- Found ament_cmake: 0.9.12 (/opt/ros/foxy/share/ament_cmake/cmake)
[0.638s] -- Found PythonInterp: /usr/bin/python3 (found suitable version "3.8.10", minimum required is "3") 
[0.638s] -- Using PYTHON_EXECUTABLE: /usr/bin/python3
[0.780s] -- Found ament_index_cpp: 1.1.0 (/opt/ros/foxy/share/ament_index_cpp/cmake)
[0.784s] -- Found geometry_msgs: 2.0.5 (/opt/ros/foxy/share/geometry_msgs/cmake)
[0.814s] -- Using all available rosidl_typesupport_c: rosidl_typesupport_fastrtps_c;rosidl_typesupport_introspection_c
[0.818s] -- Found rosidl_adapter: 1.3.1 (/opt/ros/foxy/share/rosidl_adapter/cmake)
[0.878s] -- Found OpenSSL: /usr/lib/x86_64-linux-gnu/libcrypto.so (found version "1.1.1f")  
[0.915s] -- Found FastRTPS: /opt/ros/foxy/include  
[1.032s] -- Using all available rosidl_typesupport_cpp: rosidl_typesupport_fastrtps_cpp;rosidl_typesupport_introspection_cpp
[1.159s] -- Found rclcpp: 2.4.3 (/opt/ros/foxy/share/rclcpp/cmake)
[1.215s] -- Found rmw_implementation_cmake: 1.0.4 (/opt/ros/foxy/share/rmw_implementation_cmake/cmake)
[1.217s] -- Using RMW implementation 'rmw_fastrtps_cpp' as default
[1.218s] -- Looking for pthread.h
[1.305s] -- Looking for pthread.h - found
[1.305s] -- Performing Test CMAKE_HAVE_LIBC_PTHREAD
[1.360s] -- Performing Test CMAKE_HAVE_LIBC_PTHREAD - Failed
[1.360s] -- Looking for pthread_create in pthreads
[1.404s] -- Looking for pthread_create in pthreads - not found
[1.404s] -- Looking for pthread_create in pthread
[1.454s] -- Looking for pthread_create in pthread - found
[1.455s] -- Found Threads: TRUE  
[1.578s] -- Found rclcpp_action: 2.4.3 (/opt/ros/foxy/share/rclcpp_action/cmake)
[1.641s] -- Found rosidl_default_generators: 1.0.1 (/opt/ros/foxy/share/rosidl_default_generators/cmake)
[1.650s] -- Found std_srvs: 2.0.5 (/opt/ros/foxy/share/std_srvs/cmake)
[1.673s] -- Found PythonInterp: /usr/bin/python3 (found version "3.8.10") 
[1.820s] -- Found ament_cmake_ros: 0.9.2 (/opt/ros/foxy/share/ament_cmake_ros/cmake)
[1.921s] -- Using all available rosidl_typesupport_c: rosidl_typesupport_fastrtps_c;rosidl_typesupport_introspection_c
[1.937s] -- Using all available rosidl_typesupport_cpp: rosidl_typesupport_fastrtps_cpp;rosidl_typesupport_introspection_cpp
[1.956s] -- Found PythonInterp: /usr/bin/python3 (found suitable version "3.8.10", minimum required is "3.5") 
[1.958s] -- Found python_cmake_module: 0.8.1 (/opt/ros/foxy/share/python_cmake_module/cmake)
[1.980s] -- Found PythonLibs: /usr/lib/x86_64-linux-gnu/libpython3.8.so (found suitable version "3.8.10", minimum required is "3.5") 
[1.981s] -- Using PYTHON_EXECUTABLE: /usr/bin/python3
[1.982s] -- Using PYTHON_INCLUDE_DIRS: /usr/include/python3.8
[1.982s] -- Using PYTHON_LIBRARIES: /usr/lib/x86_64-linux-gnu/libpython3.8.so
[1.997s] -- Found PythonExtra: .so  
[2.043s] -- Configuring done
[2.103s] -- Generating done
[2.107s] -- Build files have been written to: /home/choiyujiin/Desktop/rostwo_ws/build/turtlesim
[2.339s] Invoked command in '/home/choiyujiin/Desktop/rostwo_ws/build/turtlesim' returned '0': CMAKE_PREFIX_PATH=${CMAKE_PREFIX_PATH}:/opt/ros/foxy /usr/bin/cmake /home/choiyujiin/Desktop/rostwo_ws/src/ros_tutorials/turtlesim -DCMAKE_INSTALL_PREFIX=/home/choiyujiin/Desktop/rostwo_ws/install/turtlesim
[2.341s] Invoking command in '/home/choiyujiin/Desktop/rostwo_ws/build/turtlesim': CMAKE_PREFIX_PATH=${CMAKE_PREFIX_PATH}:/opt/ros/foxy /usr/bin/cmake --build /home/choiyujiin/Desktop/rostwo_ws/build/turtlesim -- -j8 -l8
[2.390s] [  1%] [34m[1mGenerating C code for ROS interfaces[0m
[2.390s] [35m[1mScanning dependencies of target turtlesim__cpp[0m
[2.403s] [  2%] [34m[1mGenerating C++ code for ROS interfaces[0m
[3.424s] [  2%] Built target turtlesim__cpp
[3.436s] [  3%] [34m[1mGenerating C++ type support dispatch for ROS interfaces[0m
[3.437s] [  4%] [34m[1mGenerating C++ introspection for ROS interfaces[0m
[3.452s] [  5%] [34m[1mGenerating C++ type support for eProsima Fast-RTPS[0m
[3.517s] [35m[1mScanning dependencies of target turtlesim__rosidl_generator_c[0m
[3.540s] [  7%] [32mBuilding C object CMakeFiles/turtlesim__rosidl_generator_c.dir/rosidl_generator_c/turtlesim/srv/detail/kill__functions.c.o[0m
[3.540s] [  8%] [32mBuilding C object CMakeFiles/turtlesim__rosidl_generator_c.dir/rosidl_generator_c/turtlesim/msg/detail/color__functions.c.o[0m
[3.543s] [  8%] [32mBuilding C object CMakeFiles/turtlesim__rosidl_generator_c.dir/rosidl_generator_c/turtlesim/action/detail/rotate_absolute__functions.c.o[0m
[3.548s] [  9%] [32mBuilding C object CMakeFiles/turtlesim__rosidl_generator_c.dir/rosidl_generator_c/turtlesim/msg/detail/pose__functions.c.o[0m
[3.558s] [ 10%] [32mBuilding C object CMakeFiles/turtlesim__rosidl_generator_c.dir/rosidl_generator_c/turtlesim/srv/detail/set_pen__functions.c.o[0m
[3.609s] [ 11%] [32mBuilding C object CMakeFiles/turtlesim__rosidl_generator_c.dir/rosidl_generator_c/turtlesim/srv/detail/spawn__functions.c.o[0m
[3.640s] [ 12%] [32mBuilding C object CMakeFiles/turtlesim__rosidl_generator_c.dir/rosidl_generator_c/turtlesim/srv/detail/teleport_absolute__functions.c.o[0m
[3.668s] [ 13%] [32mBuilding C object CMakeFiles/turtlesim__rosidl_generator_c.dir/rosidl_generator_c/turtlesim/srv/detail/teleport_relative__functions.c.o[0m
[3.745s] [ 14%] [32m[1mLinking C shared library libturtlesim__rosidl_generator_c.so[0m
[3.789s] [ 14%] Built target turtlesim__rosidl_generator_c
[3.801s] [ 16%] [34m[1mGenerating C introspection for ROS interfaces[0m
[3.801s] [ 16%] [34m[1mGenerating C type support dispatch for ROS interfaces[0m
[4.151s] [35m[1mScanning dependencies of target turtlesim__rosidl_typesupport_cpp[0m
[4.168s] [35m[1mScanning dependencies of target turtlesim__rosidl_typesupport_introspection_cpp[0m
[4.183s] [ 18%] [32mBuilding CXX object CMakeFiles/turtlesim__rosidl_typesupport_cpp.dir/rosidl_typesupport_cpp/turtlesim/action/rotate_absolute__type_support.cpp.o[0m
[4.183s] [ 18%] [32mBuilding CXX object CMakeFiles/turtlesim__rosidl_typesupport_cpp.dir/rosidl_typesupport_cpp/turtlesim/msg/color__type_support.cpp.o[0m
[4.184s] [ 19%] [32mBuilding CXX object CMakeFiles/turtlesim__rosidl_typesupport_cpp.dir/rosidl_typesupport_cpp/turtlesim/srv/kill__type_support.cpp.o[0m
[4.187s] [ 20%] [32mBuilding CXX object CMakeFiles/turtlesim__rosidl_typesupport_cpp.dir/rosidl_typesupport_cpp/turtlesim/msg/pose__type_support.cpp.o[0m
[4.217s] [ 21%] [32mBuilding CXX object CMakeFiles/turtlesim__rosidl_typesupport_introspection_cpp.dir/rosidl_typesupport_introspection_cpp/turtlesim/action/detail/rotate_absolute__type_support.cpp.o[0m
[4.560s] [ 22%] [32mBuilding CXX object CMakeFiles/turtlesim__rosidl_typesupport_cpp.dir/rosidl_typesupport_cpp/turtlesim/srv/set_pen__type_support.cpp.o[0m
[4.563s] [ 23%] [32mBuilding CXX object CMakeFiles/turtlesim__rosidl_typesupport_cpp.dir/rosidl_typesupport_cpp/turtlesim/srv/spawn__type_support.cpp.o[0m
[4.596s] [35m[1mScanning dependencies of target turtlesim__rosidl_typesupport_c[0m
[4.603s] [ 24%] [32mBuilding CXX object CMakeFiles/turtlesim__rosidl_typesupport_cpp.dir/rosidl_typesupport_cpp/turtlesim/srv/teleport_absolute__type_support.cpp.o[0m
[4.619s] [ 25%] [32mBuilding CXX object CMakeFiles/turtlesim__rosidl_typesupport_c.dir/rosidl_typesupport_c/turtlesim/msg/color__type_support.cpp.o[0m
[4.621s] [ 26%] [32mBuilding CXX object CMakeFiles/turtlesim__rosidl_typesupport_c.dir/rosidl_typesupport_c/turtlesim/action/rotate_absolute__type_support.cpp.o[0m
[4.664s] [35m[1mScanning dependencies of target turtlesim__rosidl_typesupport_fastrtps_cpp[0m
[4.682s] [ 27%] [32mBuilding CXX object CMakeFiles/turtlesim__rosidl_typesupport_cpp.dir/rosidl_typesupport_cpp/turtlesim/srv/teleport_relative__type_support.cpp.o[0m
[4.713s] [ 28%] [32mBuilding CXX object CMakeFiles/turtlesim__rosidl_typesupport_c.dir/rosidl_typesupport_c/turtlesim/msg/pose__type_support.cpp.o[0m
[4.722s] [ 29%] [32mBuilding CXX object CMakeFiles/turtlesim__rosidl_typesupport_fastrtps_cpp.dir/rosidl_typesupport_fastrtps_cpp/turtlesim/action/detail/dds_fastrtps/rotate_absolute__type_support.cpp.o[0m
[4.722s] [35m[1mScanning dependencies of target turtlesim__rosidl_typesupport_introspection_c[0m
[4.759s] [ 30%] [32mBuilding CXX object CMakeFiles/turtlesim__rosidl_typesupport_c.dir/rosidl_typesupport_c/turtlesim/srv/kill__type_support.cpp.o[0m
[4.761s] [ 31%] [32mBuilding C object CMakeFiles/turtlesim__rosidl_typesupport_introspection_c.dir/rosidl_typesupport_introspection_c/turtlesim/action/detail/rotate_absolute__type_support.c.o[0m
[4.798s] [ 32%] [32mBuilding CXX object CMakeFiles/turtlesim__rosidl_typesupport_introspection_cpp.dir/rosidl_typesupport_introspection_cpp/turtlesim/msg/detail/color__type_support.cpp.o[0m
[4.810s] [ 33%] [32mBuilding CXX object CMakeFiles/turtlesim__rosidl_typesupport_c.dir/rosidl_typesupport_c/turtlesim/srv/set_pen__type_support.cpp.o[0m
[4.849s] [ 34%] [32mBuilding CXX object CMakeFiles/turtlesim__rosidl_typesupport_c.dir/rosidl_typesupport_c/turtlesim/srv/spawn__type_support.cpp.o[0m
[4.852s] [ 35%] [32mBuilding C object CMakeFiles/turtlesim__rosidl_typesupport_introspection_c.dir/rosidl_typesupport_introspection_c/turtlesim/msg/detail/color__type_support.c.o[0m
[4.921s] [ 36%] [32mBuilding CXX object CMakeFiles/turtlesim__rosidl_typesupport_c.dir/rosidl_typesupport_c/turtlesim/srv/teleport_absolute__type_support.cpp.o[0m
[4.941s] [ 37%] [32mBuilding C object CMakeFiles/turtlesim__rosidl_typesupport_introspection_c.dir/rosidl_typesupport_introspection_c/turtlesim/msg/detail/pose__type_support.c.o[0m
[4.941s] [ 38%] [32mBuilding CXX object CMakeFiles/turtlesim__rosidl_typesupport_introspection_cpp.dir/rosidl_typesupport_introspection_cpp/turtlesim/msg/detail/pose__type_support.cpp.o[0m
[4.973s] [ 39%] [32mBuilding CXX object CMakeFiles/turtlesim__rosidl_typesupport_c.dir/rosidl_typesupport_c/turtlesim/srv/teleport_relative__type_support.cpp.o[0m
[4.989s] [ 40%] [32mBuilding C object CMakeFiles/turtlesim__rosidl_typesupport_introspection_c.dir/rosidl_typesupport_introspection_c/turtlesim/srv/detail/kill__type_support.c.o[0m
[4.992s] [ 41%] [32mBuilding CXX object CMakeFiles/turtlesim__rosidl_typesupport_introspection_cpp.dir/rosidl_typesupport_introspection_cpp/turtlesim/srv/detail/kill__type_support.cpp.o[0m
[5.001s] [ 42%] [32mBuilding C object CMakeFiles/turtlesim__rosidl_typesupport_introspection_c.dir/rosidl_typesupport_introspection_c/turtlesim/srv/detail/set_pen__type_support.c.o[0m
[5.021s] [ 43%] [32m[1mLinking CXX shared library libturtlesim__rosidl_typesupport_c.so[0m
[5.040s] [ 44%] [32mBuilding CXX object CMakeFiles/turtlesim__rosidl_typesupport_introspection_cpp.dir/rosidl_typesupport_introspection_cpp/turtlesim/srv/detail/set_pen__type_support.cpp.o[0m
[5.071s] [ 45%] [32mBuilding C object CMakeFiles/turtlesim__rosidl_typesupport_introspection_c.dir/rosidl_typesupport_introspection_c/turtlesim/srv/detail/spawn__type_support.c.o[0m
[5.089s] [ 45%] Built target turtlesim__rosidl_typesupport_c
[5.104s] [ 46%] [32m[1mLinking CXX shared library libturtlesim__rosidl_typesupport_cpp.so[0m
[5.115s] [ 47%] [32mBuilding C object CMakeFiles/turtlesim__rosidl_typesupport_introspection_c.dir/rosidl_typesupport_introspection_c/turtlesim/srv/detail/teleport_absolute__type_support.c.o[0m
[5.126s] [ 48%] [32mBuilding CXX object CMakeFiles/turtlesim__rosidl_typesupport_introspection_cpp.dir/rosidl_typesupport_introspection_cpp/turtlesim/srv/detail/spawn__type_support.cpp.o[0m
[5.195s] [ 48%] Built target turtlesim__rosidl_typesupport_cpp
[5.222s] [ 49%] [32mBuilding CXX object CMakeFiles/turtlesim__rosidl_typesupport_introspection_cpp.dir/rosidl_typesupport_introspection_cpp/turtlesim/srv/detail/teleport_absolute__type_support.cpp.o[0m
[5.223s] [ 50%] [32mBuilding C object CMakeFiles/turtlesim__rosidl_typesupport_introspection_c.dir/rosidl_typesupport_introspection_c/turtlesim/srv/detail/teleport_relative__type_support.c.o[0m
[5.241s] [ 51%] [32mBuilding CXX object CMakeFiles/turtlesim__rosidl_typesupport_fastrtps_cpp.dir/rosidl_typesupport_fastrtps_cpp/turtlesim/msg/detail/dds_fastrtps/color__type_support.cpp.o[0m
[5.297s] [ 52%] [32mBuilding CXX object CMakeFiles/turtlesim__rosidl_typesupport_introspection_cpp.dir/rosidl_typesupport_introspection_cpp/turtlesim/srv/detail/teleport_relative__type_support.cpp.o[0m
[5.307s] [ 53%] [32m[1mLinking C shared library libturtlesim__rosidl_typesupport_introspection_c.so[0m
[5.391s] [ 54%] [32mBuilding CXX object CMakeFiles/turtlesim__rosidl_typesupport_fastrtps_cpp.dir/rosidl_typesupport_fastrtps_cpp/turtlesim/srv/detail/dds_fastrtps/kill__type_support.cpp.o[0m
[5.399s] [ 55%] [32mBuilding CXX object CMakeFiles/turtlesim__rosidl_typesupport_fastrtps_cpp.dir/rosidl_typesupport_fastrtps_cpp/turtlesim/msg/detail/dds_fastrtps/pose__type_support.cpp.o[0m
[5.399s] [ 55%] Built target turtlesim__rosidl_typesupport_introspection_c
[5.424s] [ 56%] [32mBuilding CXX object CMakeFiles/turtlesim__rosidl_typesupport_fastrtps_cpp.dir/rosidl_typesupport_fastrtps_cpp/turtlesim/srv/detail/dds_fastrtps/set_pen__type_support.cpp.o[0m
[5.449s] [ 57%] [32mBuilding CXX object CMakeFiles/turtlesim__rosidl_typesupport_fastrtps_cpp.dir/rosidl_typesupport_fastrtps_cpp/turtlesim/srv/detail/dds_fastrtps/spawn__type_support.cpp.o[0m
[5.612s] [ 58%] [32mBuilding CXX object CMakeFiles/turtlesim__rosidl_typesupport_fastrtps_cpp.dir/rosidl_typesupport_fastrtps_cpp/turtlesim/srv/detail/dds_fastrtps/teleport_absolute__type_support.cpp.o[0m
[5.664s] [ 59%] [32mBuilding CXX object CMakeFiles/turtlesim__rosidl_typesupport_fastrtps_cpp.dir/rosidl_typesupport_fastrtps_cpp/turtlesim/srv/detail/dds_fastrtps/teleport_relative__type_support.cpp.o[0m
[5.714s] [ 60%] [32m[1mLinking CXX shared library libturtlesim__rosidl_typesupport_introspection_cpp.so[0m
[5.816s] [ 60%] Built target turtlesim__rosidl_typesupport_introspection_cpp
[6.121s] [ 61%] [32m[1mLinking CXX shared library libturtlesim__rosidl_typesupport_fastrtps_cpp.so[0m
[6.187s] [ 61%] Built target turtlesim__rosidl_typesupport_fastrtps_cpp
[6.195s] [ 62%] [34m[1mGenerating C type support for eProsima Fast-RTPS[0m
[6.763s] [35m[1mScanning dependencies of target turtlesim__rosidl_typesupport_fastrtps_c[0m
[6.798s] [ 63%] [32mBuilding CXX object CMakeFiles/turtlesim__rosidl_typesupport_fastrtps_c.dir/rosidl_typesupport_fastrtps_c/turtlesim/msg/detail/color__type_support_c.cpp.o[0m
[6.798s] [ 66%] [32mBuilding CXX object CMakeFiles/turtlesim__rosidl_typesupport_fastrtps_c.dir/rosidl_typesupport_fastrtps_c/turtlesim/action/detail/rotate_absolute__type_support_c.cpp.o[0m
[6.798s] [ 66%] [32mBuilding CXX object CMakeFiles/turtlesim__rosidl_typesupport_fastrtps_c.dir/rosidl_typesupport_fastrtps_c/turtlesim/srv/detail/set_pen__type_support_c.cpp.o[0m
[6.798s] [ 67%] [32mBuilding CXX object CMakeFiles/turtlesim__rosidl_typesupport_fastrtps_c.dir/rosidl_typesupport_fastrtps_c/turtlesim/msg/detail/pose__type_support_c.cpp.o[0m
[6.799s] [ 67%] [32mBuilding CXX object CMakeFiles/turtlesim__rosidl_typesupport_fastrtps_c.dir/rosidl_typesupport_fastrtps_c/turtlesim/srv/detail/kill__type_support_c.cpp.o[0m
[6.799s] [ 68%] [32mBuilding CXX object CMakeFiles/turtlesim__rosidl_typesupport_fastrtps_c.dir/rosidl_typesupport_fastrtps_c/turtlesim/srv/detail/teleport_absolute__type_support_c.cpp.o[0m
[6.805s] [ 69%] [32mBuilding CXX object CMakeFiles/turtlesim__rosidl_typesupport_fastrtps_c.dir/rosidl_typesupport_fastrtps_c/turtlesim/srv/detail/teleport_relative__type_support_c.cpp.o[0m
[6.805s] [ 70%] [32mBuilding CXX object CMakeFiles/turtlesim__rosidl_typesupport_fastrtps_c.dir/rosidl_typesupport_fastrtps_c/turtlesim/srv/detail/spawn__type_support_c.cpp.o[0m
[7.408s] [ 71%] [32m[1mLinking CXX shared library libturtlesim__rosidl_typesupport_fastrtps_c.so[0m
[7.474s] [ 71%] Built target turtlesim__rosidl_typesupport_fastrtps_c
[7.481s] [35m[1mScanning dependencies of target turtlesim[0m
[7.488s] [ 71%] Built target turtlesim
[7.496s] [35m[1mScanning dependencies of target turtle_teleop_key[0m
[7.498s] [ 72%] [34m[1mGenerating include/turtlesim/moc_turtle_frame.cpp[0m
[7.498s] [35m[1mScanning dependencies of target draw_square[0m
[7.498s] [35m[1mScanning dependencies of target mimic[0m
[7.498s] [35m[1mScanning dependencies of target turtlesim__py[0m
[7.506s] [ 73%] [34m[1mGenerating Python code for ROS interfaces[0m
[7.564s] [35m[1mScanning dependencies of target turtlesim_node[0m
[7.568s] [ 74%] [32mBuilding CXX object CMakeFiles/draw_square.dir/tutorials/draw_square.cpp.o[0m
[7.572s] [ 75%] [32mBuilding CXX object CMakeFiles/mimic.dir/tutorials/mimic.cpp.o[0m
[7.578s] [ 76%] [32mBuilding CXX object CMakeFiles/turtle_teleop_key.dir/tutorials/teleop_turtle_key.cpp.o[0m
[7.644s] [ 77%] [32mBuilding CXX object CMakeFiles/turtlesim_node.dir/src/turtlesim.cpp.o[0m
[7.645s] [ 78%] [32mBuilding CXX object CMakeFiles/turtlesim_node.dir/src/turtle.cpp.o[0m
[7.664s] [ 79%] [32mBuilding CXX object CMakeFiles/turtlesim_node.dir/src/turtle_frame.cpp.o[0m
[7.670s] [ 80%] [32mBuilding CXX object CMakeFiles/turtlesim_node.dir/include/turtlesim/moc_turtle_frame.cpp.o[0m
[10.631s] [ 80%] Built target turtlesim__py
[10.654s] [35m[1mScanning dependencies of target turtlesim__python[0m
[10.696s] [ 81%] [32mBuilding C object CMakeFiles/turtlesim__python.dir/rosidl_generator_py/turtlesim/action/_rotate_absolute_s.c.o[0m
[10.878s] [ 82%] [32mBuilding C object CMakeFiles/turtlesim__python.dir/rosidl_generator_py/turtlesim/msg/_color_s.c.o[0m
[11.035s] [ 83%] [32mBuilding C object CMakeFiles/turtlesim__python.dir/rosidl_generator_py/turtlesim/msg/_pose_s.c.o[0m
[11.210s] [ 84%] [32mBuilding C object CMakeFiles/turtlesim__python.dir/rosidl_generator_py/turtlesim/srv/_kill_s.c.o[0m
[11.449s] [ 85%] [32mBuilding C object CMakeFiles/turtlesim__python.dir/rosidl_generator_py/turtlesim/srv/_set_pen_s.c.o[0m
[11.683s] [ 86%] [32mBuilding C object CMakeFiles/turtlesim__python.dir/rosidl_generator_py/turtlesim/srv/_spawn_s.c.o[0m
[11.803s] [ 87%] [32mBuilding C object CMakeFiles/turtlesim__python.dir/rosidl_generator_py/turtlesim/srv/_teleport_absolute_s.c.o[0m
[11.942s] [ 88%] [32mBuilding C object CMakeFiles/turtlesim__python.dir/rosidl_generator_py/turtlesim/srv/_teleport_relative_s.c.o[0m
[12.081s] [ 89%] [32m[1mLinking C shared library rosidl_generator_py/turtlesim/libturtlesim__python.so[0m
[12.172s] [ 89%] Built target turtlesim__python
[12.185s] [35m[1mScanning dependencies of target turtlesim__rosidl_typesupport_introspection_c__pyext[0m
[12.191s] [35m[1mScanning dependencies of target turtlesim__rosidl_typesupport_fastrtps_c__pyext[0m
[12.222s] [35m[1mScanning dependencies of target turtlesim__rosidl_typesupport_c__pyext[0m
[12.223s] [ 90%] [32mBuilding C object CMakeFiles/turtlesim__rosidl_typesupport_introspection_c__pyext.dir/rosidl_generator_py/turtlesim/_turtlesim_s.ep.rosidl_typesupport_introspection_c.c.o[0m
[12.233s] [ 91%] [32mBuilding C object CMakeFiles/turtlesim__rosidl_typesupport_fastrtps_c__pyext.dir/rosidl_generator_py/turtlesim/_turtlesim_s.ep.rosidl_typesupport_fastrtps_c.c.o[0m
[12.307s] [ 92%] [32mBuilding C object CMakeFiles/turtlesim__rosidl_typesupport_c__pyext.dir/rosidl_generator_py/turtlesim/_turtlesim_s.ep.rosidl_typesupport_c.c.o[0m
[12.465s] [ 93%] [32m[1mLinking C shared library rosidl_generator_py/turtlesim/turtlesim_s__rosidl_typesupport_introspection_c.cpython-38-x86_64-linux-gnu.so[0m
[12.557s] [ 94%] [32m[1mLinking CXX shared library rosidl_generator_py/turtlesim/turtlesim_s__rosidl_typesupport_fastrtps_c.cpython-38-x86_64-linux-gnu.so[0m
[12.599s] [ 94%] Built target turtlesim__rosidl_typesupport_introspection_c__pyext
[12.652s] [ 95%] [32m[1mLinking C shared library rosidl_generator_py/turtlesim/turtlesim_s__rosidl_typesupport_c.cpython-38-x86_64-linux-gnu.so[0m
[12.694s] [ 95%] Built target turtlesim__rosidl_typesupport_fastrtps_c__pyext
[12.709s] [ 95%] Built target turtlesim__rosidl_typesupport_c__pyext
[13.794s] [ 96%] [32m[1mLinking CXX executable turtle_teleop_key[0m
[14.101s] [ 96%] Built target turtle_teleop_key
[14.488s] [ 97%] [32m[1mLinking CXX executable mimic[0m
[14.823s] [ 97%] Built target mimic
[15.430s] [ 98%] [32m[1mLinking CXX executable draw_square[0m
[15.670s] [ 98%] Built target draw_square
[17.053s] [100%] [32m[1mLinking CXX executable turtlesim_node[0m
[18.159s] [100%] Built target turtlesim_node
[18.168s] Invoked command in '/home/choiyujiin/Desktop/rostwo_ws/build/turtlesim' returned '0': CMAKE_PREFIX_PATH=${CMAKE_PREFIX_PATH}:/opt/ros/foxy /usr/bin/cmake --build /home/choiyujiin/Desktop/rostwo_ws/build/turtlesim -- -j8 -l8
[18.268s] Invoking command in '/home/choiyujiin/Desktop/rostwo_ws/build/turtlesim': CMAKE_PREFIX_PATH=${CMAKE_PREFIX_PATH}:/opt/ros/foxy /usr/bin/cmake --install /home/choiyujiin/Desktop/rostwo_ws/build/turtlesim
[18.275s] -- Install configuration: ""
[18.275s] -- Installing: /home/choiyujiin/Desktop/rostwo_ws/install/turtlesim/share/ament_index/resource_index/rosidl_interfaces/turtlesim
[18.276s] -- Up-to-date: /home/choiyujiin/Desktop/rostwo_ws/install/turtlesim/include/turtlesim
[18.276s] -- Up-to-date: /home/choiyujiin/Desktop/rostwo_ws/install/turtlesim/include/turtlesim/srv
[18.276s] -- Installing: /home/choiyujiin/Desktop/rostwo_ws/install/turtlesim/include/turtlesim/srv/spawn.h
[18.276s] -- Installing: /home/choiyujiin/Desktop/rostwo_ws/install/turtlesim/include/turtlesim/srv/set_pen.h
[18.276s] -- Up-to-date: /home/choiyujiin/Desktop/rostwo_ws/install/turtlesim/include/turtlesim/srv/detail
[18.276s] -- Installing: /home/choiyujiin/Desktop/rostwo_ws/install/turtlesim/include/turtlesim/srv/detail/spawn__functions.c
[18.276s] -- Installing: /home/choiyujiin/Desktop/rostwo_ws/install/turtlesim/include/turtlesim/srv/detail/teleport_absolute__functions.c
[18.276s] -- Installing: /home/choiyujiin/Desktop/rostwo_ws/install/turtlesim/include/turtlesim/srv/detail/kill__functions.c
[18.276s] -- Installing: /home/choiyujiin/Desktop/rostwo_ws/install/turtlesim/include/turtlesim/srv/detail/kill__struct.h
[18.276s] -- Installing: /home/choiyujiin/Desktop/rostwo_ws/install/turtlesim/include/turtlesim/srv/detail/kill__functions.h
[18.276s] -- Installing: /home/choiyujiin/Desktop/rostwo_ws/install/turtlesim/include/turtlesim/srv/detail/teleport_relative__functions.h
[18.276s] -- Installing: /home/choiyujiin/Desktop/rostwo_ws/install/turtlesim/include/turtlesim/srv/detail/teleport_relative__type_support.h
[18.276s] -- Installing: /home/choiyujiin/Desktop/rostwo_ws/install/turtlesim/include/turtlesim/srv/detail/teleport_relative__struct.h
[18.276s] -- Installing: /home/choiyujiin/Desktop/rostwo_ws/install/turtlesim/include/turtlesim/srv/detail/teleport_absolute__type_support.h
[18.277s] -- Installing: /home/choiyujiin/Desktop/rostwo_ws/install/turtlesim/include/turtlesim/srv/detail/spawn__struct.h
[18.277s] -- Installing: /home/choiyujiin/Desktop/rostwo_ws/install/turtlesim/include/turtlesim/srv/detail/set_pen__functions.c
[18.277s] -- Installing: /home/choiyujiin/Desktop/rostwo_ws/install/turtlesim/include/turtlesim/srv/detail/set_pen__functions.h
[18.277s] -- Installing: /home/choiyujiin/Desktop/rostwo_ws/install/turtlesim/include/turtlesim/srv/detail/teleport_relative__functions.c
[18.277s] -- Installing: /home/choiyujiin/Desktop/rostwo_ws/install/turtlesim/include/turtlesim/srv/detail/teleport_absolute__struct.h
[18.277s] -- Installing: /home/choiyujiin/Desktop/rostwo_ws/install/turtlesim/include/turtlesim/srv/detail/teleport_absolute__functions.h
[18.277s] -- Installing: /home/choiyujiin/Desktop/rostwo_ws/install/turtlesim/include/turtlesim/srv/detail/spawn__type_support.h
[18.277s] -- Installing: /home/choiyujiin/Desktop/rostwo_ws/install/turtlesim/include/turtlesim/srv/detail/set_pen__type_support.h
[18.277s] -- Installing: /home/choiyujiin/Desktop/rostwo_ws/install/turtlesim/include/turtlesim/srv/detail/kill__type_support.h
[18.277s] -- Installing: /home/choiyujiin/Desktop/rostwo_ws/install/turtlesim/include/turtlesim/srv/detail/spawn__functions.h
[18.277s] -- Installing: /home/choiyujiin/Desktop/rostwo_ws/install/turtlesim/include/turtlesim/srv/detail/set_pen__struct.h
[18.277s] -- Installing: /home/choiyujiin/Desktop/rostwo_ws/install/turtlesim/include/turtlesim/srv/kill.h
[18.277s] -- Installing: /home/choiyujiin/Desktop/rostwo_ws/install/turtlesim/include/turtlesim/srv/teleport_absolute.h
[18.277s] -- Installing: /home/choiyujiin/Desktop/rostwo_ws/install/turtlesim/include/turtlesim/srv/teleport_relative.h
[18.278s] -- Up-to-date: /home/choiyujiin/Desktop/rostwo_ws/install/turtlesim/include/turtlesim/msg
[18.278s] -- Installing: /home/choiyujiin/Desktop/rostwo_ws/install/turtlesim/include/turtlesim/msg/pose.h
[18.278s] -- Up-to-date: /home/choiyujiin/Desktop/rostwo_ws/install/turtlesim/include/turtlesim/msg/detail
[18.278s] -- Installing: /home/choiyujiin/Desktop/rostwo_ws/install/turtlesim/include/turtlesim/msg/detail/color__functions.c
[18.278s] -- Installing: /home/choiyujiin/Desktop/rostwo_ws/install/turtlesim/include/turtlesim/msg/detail/color__functions.h
[18.278s] -- Installing: /home/choiyujiin/Desktop/rostwo_ws/install/turtlesim/include/turtlesim/msg/detail/pose__functions.c
[18.278s] -- Installing: /home/choiyujiin/Desktop/rostwo_ws/install/turtlesim/include/turtlesim/msg/detail/color__struct.h
[18.278s] -- Installing: /home/choiyujiin/Desktop/rostwo_ws/install/turtlesim/include/turtlesim/msg/detail/pose__functions.h
[18.278s] -- Installing: /home/choiyujiin/Desktop/rostwo_ws/install/turtlesim/include/turtlesim/msg/detail/pose__struct.h
[18.278s] -- Installing: /home/choiyujiin/Desktop/rostwo_ws/install/turtlesim/include/turtlesim/msg/detail/color__type_support.h
[18.278s] -- Installing: /home/choiyujiin/Desktop/rostwo_ws/install/turtlesim/include/turtlesim/msg/detail/pose__type_support.h
[18.278s] -- Installing: /home/choiyujiin/Desktop/rostwo_ws/install/turtlesim/include/turtlesim/msg/rosidl_generator_c__visibility_control.h
[18.278s] -- Installing: /home/choiyujiin/Desktop/rostwo_ws/install/turtlesim/include/turtlesim/msg/color.h
[18.278s] -- Up-to-date: /home/choiyujiin/Desktop/rostwo_ws/install/turtlesim/include/turtlesim/action
[18.278s] -- Installing: /home/choiyujiin/Desktop/rostwo_ws/install/turtlesim/include/turtlesim/action/rotate_absolute.h
[18.278s] -- Up-to-date: /home/choiyujiin/Desktop/rostwo_ws/install/turtlesim/include/turtlesim/action/detail
[18.278s] -- Installing: /home/choiyujiin/Desktop/rostwo_ws/install/turtlesim/include/turtlesim/action/detail/rotate_absolute__functions.c
[18.279s] -- Installing: /home/choiyujiin/Desktop/rostwo_ws/install/turtlesim/include/turtlesim/action/detail/rotate_absolute__functions.h
[18.279s] -- Installing: /home/choiyujiin/Desktop/rostwo_ws/install/turtlesim/include/turtlesim/action/detail/rotate_absolute__struct.h
[18.279s] -- Installing: /home/choiyujiin/Desktop/rostwo_ws/install/turtlesim/include/turtlesim/action/detail/rotate_absolute__type_support.h
[18.279s] -- Up-to-date: /home/choiyujiin/Desktop/rostwo_ws/install/turtlesim/share/turtlesim/environment/library_path.sh
[18.279s] -- Installing: /home/choiyujiin/Desktop/rostwo_ws/install/turtlesim/share/turtlesim/environment/library_path.dsv
[18.279s] -- Installing: /home/choiyujiin/Desktop/rostwo_ws/install/turtlesim/lib/libturtlesim__rosidl_generator_c.so
[18.279s] -- Set runtime path of "/home/choiyujiin/Desktop/rostwo_ws/install/turtlesim/lib/libturtlesim__rosidl_generator_c.so" to ""
[18.279s] -- Up-to-date: /home/choiyujiin/Desktop/rostwo_ws/install/turtlesim/include/turtlesim
[18.279s] -- Up-to-date: /home/choiyujiin/Desktop/rostwo_ws/install/turtlesim/include/turtlesim/srv
[18.279s] -- Up-to-date: /home/choiyujiin/Desktop/rostwo_ws/install/turtlesim/include/turtlesim/srv/detail
[18.279s] -- Installing: /home/choiyujiin/Desktop/rostwo_ws/install/turtlesim/include/turtlesim/srv/detail/set_pen__rosidl_typesupport_fastrtps_c.h
[18.279s] -- Installing: /home/choiyujiin/Desktop/rostwo_ws/install/turtlesim/include/turtlesim/srv/detail/kill__rosidl_typesupport_fastrtps_c.h
[18.279s] -- Installing: /home/choiyujiin/Desktop/rostwo_ws/install/turtlesim/include/turtlesim/srv/detail/teleport_relative__rosidl_typesupport_fastrtps_c.h
[18.279s] -- Installing: /home/choiyujiin/Desktop/rostwo_ws/install/turtlesim/include/turtlesim/srv/detail/teleport_absolute__rosidl_typesupport_fastrtps_c.h
[18.279s] -- Installing: /home/choiyujiin/Desktop/rostwo_ws/install/turtlesim/include/turtlesim/srv/detail/spawn__rosidl_typesupport_fastrtps_c.h
[18.279s] -- Up-to-date: /home/choiyujiin/Desktop/rostwo_ws/install/turtlesim/include/turtlesim/msg
[18.280s] -- Up-to-date: /home/choiyujiin/Desktop/rostwo_ws/install/turtlesim/include/turtlesim/msg/detail
[18.280s] -- Installing: /home/choiyujiin/Desktop/rostwo_ws/install/turtlesim/include/turtlesim/msg/detail/pose__rosidl_typesupport_fastrtps_c.h
[18.280s] -- Installing: /home/choiyujiin/Desktop/rostwo_ws/install/turtlesim/include/turtlesim/msg/detail/color__rosidl_typesupport_fastrtps_c.h
[18.280s] -- Installing: /home/choiyujiin/Desktop/rostwo_ws/install/turtlesim/include/turtlesim/msg/rosidl_typesupport_fastrtps_c__visibility_control.h
[18.280s] -- Up-to-date: /home/choiyujiin/Desktop/rostwo_ws/install/turtlesim/include/turtlesim/action
[18.280s] -- Up-to-date: /home/choiyujiin/Desktop/rostwo_ws/install/turtlesim/include/turtlesim/action/detail
[18.280s] -- Installing: /home/choiyujiin/Desktop/rostwo_ws/install/turtlesim/include/turtlesim/action/detail/rotate_absolute__rosidl_typesupport_fastrtps_c.h
[18.280s] -- Installing: /home/choiyujiin/Desktop/rostwo_ws/install/turtlesim/lib/libturtlesim__rosidl_typesupport_fastrtps_c.so
[18.280s] -- Set runtime path of "/home/choiyujiin/Desktop/rostwo_ws/install/turtlesim/lib/libturtlesim__rosidl_typesupport_fastrtps_c.so" to ""
[18.280s] -- Up-to-date: /home/choiyujiin/Desktop/rostwo_ws/install/turtlesim/include/turtlesim
[18.280s] -- Up-to-date: /home/choiyujiin/Desktop/rostwo_ws/install/turtlesim/include/turtlesim/srv
[18.280s] -- Up-to-date: /home/choiyujiin/Desktop/rostwo_ws/install/turtlesim/include/turtlesim/srv/detail
[18.280s] -- Installing: /home/choiyujiin/Desktop/rostwo_ws/install/turtlesim/include/turtlesim/srv/detail/spawn__rosidl_typesupport_fastrtps_cpp.hpp
[18.280s] -- Up-to-date: /home/choiyujiin/Desktop/rostwo_ws/install/turtlesim/include/turtlesim/srv/detail/dds_fastrtps
[18.280s] -- Installing: /home/choiyujiin/Desktop/rostwo_ws/install/turtlesim/include/turtlesim/srv/detail/teleport_relative__rosidl_typesupport_fastrtps_cpp.hpp
[18.280s] -- Installing: /home/choiyujiin/Desktop/rostwo_ws/install/turtlesim/include/turtlesim/srv/detail/teleport_absolute__rosidl_typesupport_fastrtps_cpp.hpp
[18.281s] -- Installing: /home/choiyujiin/Desktop/rostwo_ws/install/turtlesim/include/turtlesim/srv/detail/set_pen__rosidl_typesupport_fastrtps_cpp.hpp
[18.281s] -- Installing: /home/choiyujiin/Desktop/rostwo_ws/install/turtlesim/include/turtlesim/srv/detail/kill__rosidl_typesupport_fastrtps_cpp.hpp
[18.281s] -- Up-to-date: /home/choiyujiin/Desktop/rostwo_ws/install/turtlesim/include/turtlesim/msg
[18.281s] -- Up-to-date: /home/choiyujiin/Desktop/rostwo_ws/install/turtlesim/include/turtlesim/msg/detail
[18.281s] -- Up-to-date: /home/choiyujiin/Desktop/rostwo_ws/install/turtlesim/include/turtlesim/msg/detail/dds_fastrtps
[18.281s] -- Installing: /home/choiyujiin/Desktop/rostwo_ws/install/turtlesim/include/turtlesim/msg/detail/pose__rosidl_typesupport_fastrtps_cpp.hpp
[18.281s] -- Installing: /home/choiyujiin/Desktop/rostwo_ws/install/turtlesim/include/turtlesim/msg/detail/color__rosidl_typesupport_fastrtps_cpp.hpp
[18.281s] -- Installing: /home/choiyujiin/Desktop/rostwo_ws/install/turtlesim/include/turtlesim/msg/rosidl_typesupport_fastrtps_cpp__visibility_control.h
[18.281s] -- Up-to-date: /home/choiyujiin/Desktop/rostwo_ws/install/turtlesim/include/turtlesim/action
[18.281s] -- Up-to-date: /home/choiyujiin/Desktop/rostwo_ws/install/turtlesim/include/turtlesim/action/detail
[18.281s] -- Installing: /home/choiyujiin/Desktop/rostwo_ws/install/turtlesim/include/turtlesim/action/detail/rotate_absolute__rosidl_typesupport_fastrtps_cpp.hpp
[18.281s] -- Up-to-date: /home/choiyujiin/Desktop/rostwo_ws/install/turtlesim/include/turtlesim/action/detail/dds_fastrtps
[18.281s] -- Installing: /home/choiyujiin/Desktop/rostwo_ws/install/turtlesim/lib/libturtlesim__rosidl_typesupport_fastrtps_cpp.so
[18.281s] -- Set runtime path of "/home/choiyujiin/Desktop/rostwo_ws/install/turtlesim/lib/libturtlesim__rosidl_typesupport_fastrtps_cpp.so" to ""
[18.281s] -- Up-to-date: /home/choiyujiin/Desktop/rostwo_ws/install/turtlesim/include/turtlesim
[18.282s] -- Up-to-date: /home/choiyujiin/Desktop/rostwo_ws/install/turtlesim/include/turtlesim/srv
[18.282s] -- Up-to-date: /home/choiyujiin/Desktop/rostwo_ws/install/turtlesim/include/turtlesim/srv/detail
[18.282s] -- Installing: /home/choiyujiin/Desktop/rostwo_ws/install/turtlesim/include/turtlesim/srv/detail/teleport_absolute__type_support.c
[18.282s] -- Installing: /home/choiyujiin/Desktop/rostwo_ws/install/turtlesim/include/turtlesim/srv/detail/teleport_absolute__rosidl_typesupport_introspection_c.h
[18.282s] -- Installing: /home/choiyujiin/Desktop/rostwo_ws/install/turtlesim/include/turtlesim/srv/detail/teleport_relative__type_support.c
[18.282s] -- Installing: /home/choiyujiin/Desktop/rostwo_ws/install/turtlesim/include/turtlesim/srv/detail/set_pen__type_support.c
[18.282s] -- Installing: /home/choiyujiin/Desktop/rostwo_ws/install/turtlesim/include/turtlesim/srv/detail/kill__rosidl_typesupport_introspection_c.h
[18.282s] -- Installing: /home/choiyujiin/Desktop/rostwo_ws/install/turtlesim/include/turtlesim/srv/detail/set_pen__rosidl_typesupport_introspection_c.h
[18.282s] -- Installing: /home/choiyujiin/Desktop/rostwo_ws/install/turtlesim/include/turtlesim/srv/detail/spawn__type_support.c
[18.282s] -- Installing: /home/choiyujiin/Desktop/rostwo_ws/install/turtlesim/include/turtlesim/srv/detail/kill__type_support.c
[18.282s] -- Installing: /home/choiyujiin/Desktop/rostwo_ws/install/turtlesim/include/turtlesim/srv/detail/spawn__rosidl_typesupport_introspection_c.h
[18.282s] -- Installing: /home/choiyujiin/Desktop/rostwo_ws/install/turtlesim/include/turtlesim/srv/detail/teleport_relative__rosidl_typesupport_introspection_c.h
[18.282s] -- Up-to-date: /home/choiyujiin/Desktop/rostwo_ws/install/turtlesim/include/turtlesim/msg
[18.282s] -- Up-to-date: /home/choiyujiin/Desktop/rostwo_ws/install/turtlesim/include/turtlesim/msg/detail
[18.282s] -- Installing: /home/choiyujiin/Desktop/rostwo_ws/install/turtlesim/include/turtlesim/msg/detail/color__type_support.c
[18.282s] -- Installing: /home/choiyujiin/Desktop/rostwo_ws/install/turtlesim/include/turtlesim/msg/detail/pose__type_support.c
[18.282s] -- Installing: /home/choiyujiin/Desktop/rostwo_ws/install/turtlesim/include/turtlesim/msg/detail/pose__rosidl_typesupport_introspection_c.h
[18.283s] -- Installing: /home/choiyujiin/Desktop/rostwo_ws/install/turtlesim/include/turtlesim/msg/detail/color__rosidl_typesupport_introspection_c.h
[18.283s] -- Installing: /home/choiyujiin/Desktop/rostwo_ws/install/turtlesim/include/turtlesim/msg/rosidl_typesupport_introspection_c__visibility_control.h
[18.283s] -- Up-to-date: /home/choiyujiin/Desktop/rostwo_ws/install/turtlesim/include/turtlesim/action
[18.283s] -- Up-to-date: /home/choiyujiin/Desktop/rostwo_ws/install/turtlesim/include/turtlesim/action/detail
[18.283s] -- Installing: /home/choiyujiin/Desktop/rostwo_ws/install/turtlesim/include/turtlesim/action/detail/rotate_absolute__rosidl_typesupport_introspection_c.h
[18.283s] -- Installing: /home/choiyujiin/Desktop/rostwo_ws/install/turtlesim/include/turtlesim/action/detail/rotate_absolute__type_support.c
[18.283s] -- Installing: /home/choiyujiin/Desktop/rostwo_ws/install/turtlesim/lib/libturtlesim__rosidl_typesupport_introspection_c.so
[18.283s] -- Set runtime path of "/home/choiyujiin/Desktop/rostwo_ws/install/turtlesim/lib/libturtlesim__rosidl_typesupport_introspection_c.so" to ""
[18.283s] -- Installing: /home/choiyujiin/Desktop/rostwo_ws/install/turtlesim/lib/libturtlesim__rosidl_typesupport_c.so
[18.283s] -- Set runtime path of "/home/choiyujiin/Desktop/rostwo_ws/install/turtlesim/lib/libturtlesim__rosidl_typesupport_c.so" to ""
[18.283s] -- Up-to-date: /home/choiyujiin/Desktop/rostwo_ws/install/turtlesim/include/turtlesim
[18.283s] -- Up-to-date: /home/choiyujiin/Desktop/rostwo_ws/install/turtlesim/include/turtlesim/srv
[18.283s] -- Installing: /home/choiyujiin/Desktop/rostwo_ws/install/turtlesim/include/turtlesim/srv/set_pen.hpp
[18.283s] -- Installing: /home/choiyujiin/Desktop/rostwo_ws/install/turtlesim/include/turtlesim/srv/teleport_absolute.hpp
[18.283s] -- Up-to-date: /home/choiyujiin/Desktop/rostwo_ws/install/turtlesim/include/turtlesim/srv/detail
[18.284s] -- Installing: /home/choiyujiin/Desktop/rostwo_ws/install/turtlesim/include/turtlesim/srv/detail/spawn__struct.hpp
[18.284s] -- Installing: /home/choiyujiin/Desktop/rostwo_ws/install/turtlesim/include/turtlesim/srv/detail/set_pen__traits.hpp
[18.284s] -- Installing: /home/choiyujiin/Desktop/rostwo_ws/install/turtlesim/include/turtlesim/srv/detail/kill__builder.hpp
[18.284s] -- Installing: /home/choiyujiin/Desktop/rostwo_ws/install/turtlesim/include/turtlesim/srv/detail/spawn__builder.hpp
[18.284s] -- Installing: /home/choiyujiin/Desktop/rostwo_ws/install/turtlesim/include/turtlesim/srv/detail/teleport_absolute__traits.hpp
[18.284s] -- Installing: /home/choiyujiin/Desktop/rostwo_ws/install/turtlesim/include/turtlesim/srv/detail/teleport_relative__struct.hpp
[18.284s] -- Installing: /home/choiyujiin/Desktop/rostwo_ws/install/turtlesim/include/turtlesim/srv/detail/teleport_absolute__struct.hpp
[18.284s] -- Installing: /home/choiyujiin/Desktop/rostwo_ws/install/turtlesim/include/turtlesim/srv/detail/teleport_relative__builder.hpp
[18.284s] -- Installing: /home/choiyujiin/Desktop/rostwo_ws/install/turtlesim/include/turtlesim/srv/detail/teleport_relative__traits.hpp
[18.284s] -- Installing: /home/choiyujiin/Desktop/rostwo_ws/install/turtlesim/include/turtlesim/srv/detail/teleport_absolute__builder.hpp
[18.284s] -- Installing: /home/choiyujiin/Desktop/rostwo_ws/install/turtlesim/include/turtlesim/srv/detail/set_pen__struct.hpp
[18.284s] -- Installing: /home/choiyujiin/Desktop/rostwo_ws/install/turtlesim/include/turtlesim/srv/detail/spawn__type_support.hpp
[18.284s] -- Installing: /home/choiyujiin/Desktop/rostwo_ws/install/turtlesim/include/turtlesim/srv/detail/teleport_absolute__type_support.hpp
[18.285s] -- Installing: /home/choiyujiin/Desktop/rostwo_ws/install/turtlesim/include/turtlesim/srv/detail/set_pen__builder.hpp
[18.285s] -- Installing: /home/choiyujiin/Desktop/rostwo_ws/install/turtlesim/include/turtlesim/srv/detail/spawn__traits.hpp
[18.285s] -- Installing: /home/choiyujiin/Desktop/rostwo_ws/install/turtlesim/include/turtlesim/srv/detail/kill__type_support.hpp
[18.285s] -- Installing: /home/choiyujiin/Desktop/rostwo_ws/install/turtlesim/include/turtlesim/srv/detail/set_pen__type_support.hpp
[18.285s] -- Installing: /home/choiyujiin/Desktop/rostwo_ws/install/turtlesim/include/turtlesim/srv/detail/teleport_relative__type_support.hpp
[18.285s] -- Installing: /home/choiyujiin/Desktop/rostwo_ws/install/turtlesim/include/turtlesim/srv/detail/kill__struct.hpp
[18.285s] -- Installing: /home/choiyujiin/Desktop/rostwo_ws/install/turtlesim/include/turtlesim/srv/detail/kill__traits.hpp
[18.285s] -- Installing: /home/choiyujiin/Desktop/rostwo_ws/install/turtlesim/include/turtlesim/srv/spawn.hpp
[18.285s] -- Installing: /home/choiyujiin/Desktop/rostwo_ws/install/turtlesim/include/turtlesim/srv/kill.hpp
[18.285s] -- Installing: /home/choiyujiin/Desktop/rostwo_ws/install/turtlesim/include/turtlesim/srv/teleport_relative.hpp
[18.285s] -- Up-to-date: /home/choiyujiin/Desktop/rostwo_ws/install/turtlesim/include/turtlesim/msg
[18.285s] -- Up-to-date: /home/choiyujiin/Desktop/rostwo_ws/install/turtlesim/include/turtlesim/msg/detail
[18.285s] -- Installing: /home/choiyujiin/Desktop/rostwo_ws/install/turtlesim/include/turtlesim/msg/detail/pose__builder.hpp
[18.285s] -- Installing: /home/choiyujiin/Desktop/rostwo_ws/install/turtlesim/include/turtlesim/msg/detail/color__struct.hpp
[18.286s] -- Installing: /home/choiyujiin/Desktop/rostwo_ws/install/turtlesim/include/turtlesim/msg/detail/pose__traits.hpp
[18.286s] -- Installing: /home/choiyujiin/Desktop/rostwo_ws/install/turtlesim/include/turtlesim/msg/detail/color__builder.hpp
[18.286s] -- Installing: /home/choiyujiin/Desktop/rostwo_ws/install/turtlesim/include/turtlesim/msg/detail/color__traits.hpp
[18.286s] -- Installing: /home/choiyujiin/Desktop/rostwo_ws/install/turtlesim/include/turtlesim/msg/detail/color__type_support.hpp
[18.286s] -- Installing: /home/choiyujiin/Desktop/rostwo_ws/install/turtlesim/include/turtlesim/msg/detail/pose__struct.hpp
[18.286s] -- Installing: /home/choiyujiin/Desktop/rostwo_ws/install/turtlesim/include/turtlesim/msg/detail/pose__type_support.hpp
[18.286s] -- Installing: /home/choiyujiin/Desktop/rostwo_ws/install/turtlesim/include/turtlesim/msg/pose.hpp
[18.286s] -- Installing: /home/choiyujiin/Desktop/rostwo_ws/install/turtlesim/include/turtlesim/msg/rosidl_generator_cpp__visibility_control.hpp
[18.286s] -- Installing: /home/choiyujiin/Desktop/rostwo_ws/install/turtlesim/include/turtlesim/msg/color.hpp
[18.286s] -- Up-to-date: /home/choiyujiin/Desktop/rostwo_ws/install/turtlesim/include/turtlesim/action
[18.286s] -- Up-to-date: /home/choiyujiin/Desktop/rostwo_ws/install/turtlesim/include/turtlesim/action/detail
[18.286s] -- Installing: /home/choiyujiin/Desktop/rostwo_ws/install/turtlesim/include/turtlesim/action/detail/rotate_absolute__struct.hpp
[18.286s] -- Installing: /home/choiyujiin/Desktop/rostwo_ws/install/turtlesim/include/turtlesim/action/detail/rotate_absolute__traits.hpp
[18.286s] -- Installing: /home/choiyujiin/Desktop/rostwo_ws/install/turtlesim/include/turtlesim/action/detail/rotate_absolute__type_support.hpp
[18.286s] -- Installing: /home/choiyujiin/Desktop/rostwo_ws/install/turtlesim/include/turtlesim/action/detail/rotate_absolute__builder.hpp
[18.286s] -- Installing: /home/choiyujiin/Desktop/rostwo_ws/install/turtlesim/include/turtlesim/action/rotate_absolute.hpp
[18.286s] -- Up-to-date: /home/choiyujiin/Desktop/rostwo_ws/install/turtlesim/include/turtlesim
[18.287s] -- Up-to-date: /home/choiyujiin/Desktop/rostwo_ws/install/turtlesim/include/turtlesim/srv
[18.287s] -- Up-to-date: /home/choiyujiin/Desktop/rostwo_ws/install/turtlesim/include/turtlesim/srv/detail
[18.287s] -- Installing: /home/choiyujiin/Desktop/rostwo_ws/install/turtlesim/include/turtlesim/srv/detail/teleport_absolute__rosidl_typesupport_introspection_cpp.hpp
[18.287s] -- Installing: /home/choiyujiin/Desktop/rostwo_ws/install/turtlesim/include/turtlesim/srv/detail/teleport_absolute__type_support.cpp
[18.287s] -- Installing: /home/choiyujiin/Desktop/rostwo_ws/install/turtlesim/include/turtlesim/srv/detail/teleport_relative__type_support.cpp
[18.287s] -- Installing: /home/choiyujiin/Desktop/rostwo_ws/install/turtlesim/include/turtlesim/srv/detail/set_pen__type_support.cpp
[18.287s] -- Installing: /home/choiyujiin/Desktop/rostwo_ws/install/turtlesim/include/turtlesim/srv/detail/spawn__rosidl_typesupport_introspection_cpp.hpp
[18.287s] -- Installing: /home/choiyujiin/Desktop/rostwo_ws/install/turtlesim/include/turtlesim/srv/detail/kill__rosidl_typesupport_introspection_cpp.hpp
[18.287s] -- Installing: /home/choiyujiin/Desktop/rostwo_ws/install/turtlesim/include/turtlesim/srv/detail/spawn__type_support.cpp
[18.287s] -- Installing: /home/choiyujiin/Desktop/rostwo_ws/install/turtlesim/include/turtlesim/srv/detail/set_pen__rosidl_typesupport_introspection_cpp.hpp
[18.287s] -- Installing: /home/choiyujiin/Desktop/rostwo_ws/install/turtlesim/include/turtlesim/srv/detail/teleport_relative__rosidl_typesupport_introspection_cpp.hpp
[18.287s] -- Installing: /home/choiyujiin/Desktop/rostwo_ws/install/turtlesim/include/turtlesim/srv/detail/kill__type_support.cpp
[18.287s] -- Up-to-date: /home/choiyujiin/Desktop/rostwo_ws/install/turtlesim/include/turtlesim/msg
[18.287s] -- Up-to-date: /home/choiyujiin/Desktop/rostwo_ws/install/turtlesim/include/turtlesim/msg/detail
[18.287s] -- Installing: /home/choiyujiin/Desktop/rostwo_ws/install/turtlesim/include/turtlesim/msg/detail/pose__type_support.cpp
[18.287s] -- Installing: /home/choiyujiin/Desktop/rostwo_ws/install/turtlesim/include/turtlesim/msg/detail/color__type_support.cpp
[18.287s] -- Installing: /home/choiyujiin/Desktop/rostwo_ws/install/turtlesim/include/turtlesim/msg/detail/color__rosidl_typesupport_introspection_cpp.hpp
[18.288s] -- Installing: /home/choiyujiin/Desktop/rostwo_ws/install/turtlesim/include/turtlesim/msg/detail/pose__rosidl_typesupport_introspection_cpp.hpp
[18.288s] -- Up-to-date: /home/choiyujiin/Desktop/rostwo_ws/install/turtlesim/include/turtlesim/action
[18.288s] -- Up-to-date: /home/choiyujiin/Desktop/rostwo_ws/install/turtlesim/include/turtlesim/action/detail
[18.288s] -- Installing: /home/choiyujiin/Desktop/rostwo_ws/install/turtlesim/include/turtlesim/action/detail/rotate_absolute__type_support.cpp
[18.288s] -- Installing: /home/choiyujiin/Desktop/rostwo_ws/install/turtlesim/include/turtlesim/action/detail/rotate_absolute__rosidl_typesupport_introspection_cpp.hpp
[18.288s] -- Installing: /home/choiyujiin/Desktop/rostwo_ws/install/turtlesim/lib/libturtlesim__rosidl_typesupport_introspection_cpp.so
[18.288s] -- Set runtime path of "/home/choiyujiin/Desktop/rostwo_ws/install/turtlesim/lib/libturtlesim__rosidl_typesupport_introspection_cpp.so" to ""
[18.288s] -- Installing: /home/choiyujiin/Desktop/rostwo_ws/install/turtlesim/lib/libturtlesim__rosidl_typesupport_cpp.so
[18.288s] -- Set runtime path of "/home/choiyujiin/Desktop/rostwo_ws/install/turtlesim/lib/libturtlesim__rosidl_typesupport_cpp.so" to ""
[18.288s] -- Installing: /home/choiyujiin/Desktop/rostwo_ws/install/turtlesim/share/turtlesim/environment/pythonpath.sh
[18.288s] -- Installing: /home/choiyujiin/Desktop/rostwo_ws/install/turtlesim/share/turtlesim/environment/pythonpath.dsv
[18.288s] -- Installing: /home/choiyujiin/Desktop/rostwo_ws/install/turtlesim/lib/python3.8/site-packages/turtlesim/__init__.py
[18.309s] Compiling '/home/choiyujiin/Desktop/rostwo_ws/install/turtlesim/lib/python3.8/site-packages/turtlesim/__init__.py'...
[18.312s] -- Up-to-date: /home/choiyujiin/Desktop/rostwo_ws/install/turtlesim/lib/python3.8/site-packages/turtlesim/action
[18.312s] -- Installing: /home/choiyujiin/Desktop/rostwo_ws/install/turtlesim/lib/python3.8/site-packages/turtlesim/action/_rotate_absolute_s.c
[18.312s] -- Installing: /home/choiyujiin/Desktop/rostwo_ws/install/turtlesim/lib/python3.8/site-packages/turtlesim/action/_rotate_absolute.py
[18.312s] -- Installing: /home/choiyujiin/Desktop/rostwo_ws/install/turtlesim/lib/python3.8/site-packages/turtlesim/action/__init__.py
[18.312s] -- Up-to-date: /home/choiyujiin/Desktop/rostwo_ws/install/turtlesim/lib/python3.8/site-packages/turtlesim/msg
[18.312s] -- Installing: /home/choiyujiin/Desktop/rostwo_ws/install/turtlesim/lib/python3.8/site-packages/turtlesim/msg/_color_s.c
[18.312s] -- Installing: /home/choiyujiin/Desktop/rostwo_ws/install/turtlesim/lib/python3.8/site-packages/turtlesim/msg/_pose.py
[18.312s] -- Installing: /home/choiyujiin/Desktop/rostwo_ws/install/turtlesim/lib/python3.8/site-packages/turtlesim/msg/_color.py
[18.312s] -- Installing: /home/choiyujiin/Desktop/rostwo_ws/install/turtlesim/lib/python3.8/site-packages/turtlesim/msg/_pose_s.c
[18.313s] -- Installing: /home/choiyujiin/Desktop/rostwo_ws/install/turtlesim/lib/python3.8/site-packages/turtlesim/msg/__init__.py
[18.313s] -- Up-to-date: /home/choiyujiin/Desktop/rostwo_ws/install/turtlesim/lib/python3.8/site-packages/turtlesim/srv
[18.313s] -- Installing: /home/choiyujiin/Desktop/rostwo_ws/install/turtlesim/lib/python3.8/site-packages/turtlesim/srv/_spawn_s.c
[18.313s] -- Installing: /home/choiyujiin/Desktop/rostwo_ws/install/turtlesim/lib/python3.8/site-packages/turtlesim/srv/_spawn.py
[18.313s] -- Installing: /home/choiyujiin/Desktop/rostwo_ws/install/turtlesim/lib/python3.8/site-packages/turtlesim/srv/_teleport_absolute.py
[18.313s] -- Installing: /home/choiyujiin/Desktop/rostwo_ws/install/turtlesim/lib/python3.8/site-packages/turtlesim/srv/_set_pen.py
[18.313s] -- Installing: /home/choiyujiin/Desktop/rostwo_ws/install/turtlesim/lib/python3.8/site-packages/turtlesim/srv/_teleport_relative.py
[18.313s] -- Installing: /home/choiyujiin/Desktop/rostwo_ws/install/turtlesim/lib/python3.8/site-packages/turtlesim/srv/_kill.py
[18.313s] -- Installing: /home/choiyujiin/Desktop/rostwo_ws/install/turtlesim/lib/python3.8/site-packages/turtlesim/srv/_teleport_absolute_s.c
[18.313s] -- Installing: /home/choiyujiin/Desktop/rostwo_ws/install/turtlesim/lib/python3.8/site-packages/turtlesim/srv/_teleport_relative_s.c
[18.313s] -- Installing: /home/choiyujiin/Desktop/rostwo_ws/install/turtlesim/lib/python3.8/site-packages/turtlesim/srv/_kill_s.c
[18.313s] -- Installing: /home/choiyujiin/Desktop/rostwo_ws/install/turtlesim/lib/python3.8/site-packages/turtlesim/srv/_set_pen_s.c
[18.313s] -- Installing: /home/choiyujiin/Desktop/rostwo_ws/install/turtlesim/lib/python3.8/site-packages/turtlesim/srv/__init__.py
[18.314s] -- Installing: /home/choiyujiin/Desktop/rostwo_ws/install/turtlesim/lib/python3.8/site-packages/turtlesim/turtlesim_s__rosidl_typesupport_fastrtps_c.cpython-38-x86_64-linux-gnu.so
[18.314s] -- Set runtime path of "/home/choiyujiin/Desktop/rostwo_ws/install/turtlesim/lib/python3.8/site-packages/turtlesim/turtlesim_s__rosidl_typesupport_fastrtps_c.cpython-38-x86_64-linux-gnu.so" to ""
[18.314s] -- Installing: /home/choiyujiin/Desktop/rostwo_ws/install/turtlesim/lib/python3.8/site-packages/turtlesim/turtlesim_s__rosidl_typesupport_introspection_c.cpython-38-x86_64-linux-gnu.so
[18.315s] -- Set runtime path of "/home/choiyujiin/Desktop/rostwo_ws/install/turtlesim/lib/python3.8/site-packages/turtlesim/turtlesim_s__rosidl_typesupport_introspection_c.cpython-38-x86_64-linux-gnu.so" to ""
[18.315s] -- Installing: /home/choiyujiin/Desktop/rostwo_ws/install/turtlesim/lib/python3.8/site-packages/turtlesim/turtlesim_s__rosidl_typesupport_c.cpython-38-x86_64-linux-gnu.so
[18.315s] -- Set runtime path of "/home/choiyujiin/Desktop/rostwo_ws/install/turtlesim/lib/python3.8/site-packages/turtlesim/turtlesim_s__rosidl_typesupport_c.cpython-38-x86_64-linux-gnu.so" to ""
[18.315s] -- Installing: /home/choiyujiin/Desktop/rostwo_ws/install/turtlesim/lib/libturtlesim__python.so
[18.315s] -- Set runtime path of "/home/choiyujiin/Desktop/rostwo_ws/install/turtlesim/lib/libturtlesim__python.so" to ""
[18.315s] -- Installing: /home/choiyujiin/Desktop/rostwo_ws/install/turtlesim/share/turtlesim/action/RotateAbsolute.idl
[18.316s] -- Installing: /home/choiyujiin/Desktop/rostwo_ws/install/turtlesim/share/turtlesim/msg/Color.idl
[18.316s] -- Installing: /home/choiyujiin/Desktop/rostwo_ws/install/turtlesim/share/turtlesim/msg/Pose.idl
[18.316s] -- Installing: /home/choiyujiin/Desktop/rostwo_ws/install/turtlesim/share/turtlesim/srv/Kill.idl
[18.316s] -- Installing: /home/choiyujiin/Desktop/rostwo_ws/install/turtlesim/share/turtlesim/srv/SetPen.idl
[18.316s] -- Installing: /home/choiyujiin/Desktop/rostwo_ws/install/turtlesim/share/turtlesim/srv/Spawn.idl
[18.316s] -- Installing: /home/choiyujiin/Desktop/rostwo_ws/install/turtlesim/share/turtlesim/srv/TeleportAbsolute.idl
[18.316s] -- Installing: /home/choiyujiin/Desktop/rostwo_ws/install/turtlesim/share/turtlesim/srv/TeleportRelative.idl
[18.316s] -- Up-to-date: /home/choiyujiin/Desktop/rostwo_ws/install/turtlesim/share/turtlesim/action/RotateAbsolute.action
[18.316s] -- Up-to-date: /home/choiyujiin/Desktop/rostwo_ws/install/turtlesim/share/turtlesim/msg/Color.msg
[18.316s] -- Up-to-date: /home/choiyujiin/Desktop/rostwo_ws/install/turtlesim/share/turtlesim/msg/Pose.msg
[18.316s] -- Up-to-date: /home/choiyujiin/Desktop/rostwo_ws/install/turtlesim/share/turtlesim/srv/Kill.srv
[18.316s] -- Installing: /home/choiyujiin/Desktop/rostwo_ws/install/turtlesim/share/turtlesim/srv/Kill_Request.msg
[18.316s] -- Installing: /home/choiyujiin/Desktop/rostwo_ws/install/turtlesim/share/turtlesim/srv/Kill_Response.msg
[18.316s] -- Up-to-date: /home/choiyujiin/Desktop/rostwo_ws/install/turtlesim/share/turtlesim/srv/SetPen.srv
[18.316s] -- Installing: /home/choiyujiin/Desktop/rostwo_ws/install/turtlesim/share/turtlesim/srv/SetPen_Request.msg
[18.317s] -- Installing: /home/choiyujiin/Desktop/rostwo_ws/install/turtlesim/share/turtlesim/srv/SetPen_Response.msg
[18.317s] -- Up-to-date: /home/choiyujiin/Desktop/rostwo_ws/install/turtlesim/share/turtlesim/srv/Spawn.srv
[18.317s] -- Installing: /home/choiyujiin/Desktop/rostwo_ws/install/turtlesim/share/turtlesim/srv/Spawn_Request.msg
[18.317s] -- Installing: /home/choiyujiin/Desktop/rostwo_ws/install/turtlesim/share/turtlesim/srv/Spawn_Response.msg
[18.317s] -- Up-to-date: /home/choiyujiin/Desktop/rostwo_ws/install/turtlesim/share/turtlesim/srv/TeleportAbsolute.srv
[18.317s] -- Installing: /home/choiyujiin/Desktop/rostwo_ws/install/turtlesim/share/turtlesim/srv/TeleportAbsolute_Request.msg
[18.317s] -- Installing: /home/choiyujiin/Desktop/rostwo_ws/install/turtlesim/share/turtlesim/srv/TeleportAbsolute_Response.msg
[18.317s] -- Up-to-date: /home/choiyujiin/Desktop/rostwo_ws/install/turtlesim/share/turtlesim/srv/TeleportRelative.srv
[18.317s] -- Installing: /home/choiyujiin/Desktop/rostwo_ws/install/turtlesim/share/turtlesim/srv/TeleportRelative_Request.msg
[18.317s] -- Installing: /home/choiyujiin/Desktop/rostwo_ws/install/turtlesim/share/turtlesim/srv/TeleportRelative_Response.msg
[18.317s] -- Installing: /home/choiyujiin/Desktop/rostwo_ws/install/turtlesim/lib/turtlesim/turtlesim_node
[18.320s] -- Set runtime path of "/home/choiyujiin/Desktop/rostwo_ws/install/turtlesim/lib/turtlesim/turtlesim_node" to ""
[18.320s] -- Installing: /home/choiyujiin/Desktop/rostwo_ws/install/turtlesim/lib/turtlesim/turtle_teleop_key
[18.321s] -- Set runtime path of "/home/choiyujiin/Desktop/rostwo_ws/install/turtlesim/lib/turtlesim/turtle_teleop_key" to ""
[18.321s] -- Installing: /home/choiyujiin/Desktop/rostwo_ws/install/turtlesim/lib/turtlesim/draw_square
[18.323s] -- Set runtime path of "/home/choiyujiin/Desktop/rostwo_ws/install/turtlesim/lib/turtlesim/draw_square" to ""
[18.323s] -- Installing: /home/choiyujiin/Desktop/rostwo_ws/install/turtlesim/lib/turtlesim/mimic
[18.324s] -- Set runtime path of "/home/choiyujiin/Desktop/rostwo_ws/install/turtlesim/lib/turtlesim/mimic" to ""
[18.324s] -- Up-to-date: /home/choiyujiin/Desktop/rostwo_ws/install/turtlesim/share/turtlesim/images
[18.324s] -- Up-to-date: /home/choiyujiin/Desktop/rostwo_ws/install/turtlesim/share/turtlesim/images/crystal.png
[18.324s] -- Up-to-date: /home/choiyujiin/Desktop/rostwo_ws/install/turtlesim/share/turtlesim/images/dashing.png
[18.324s] -- Up-to-date: /home/choiyujiin/Desktop/rostwo_ws/install/turtlesim/share/turtlesim/images/bouncy.png
[18.324s] -- Up-to-date: /home/choiyujiin/Desktop/rostwo_ws/install/turtlesim/share/turtlesim/images/foxy.png
[18.324s] -- Up-to-date: /home/choiyujiin/Desktop/rostwo_ws/install/turtlesim/share/turtlesim/images/ardent.png
[18.324s] -- Up-to-date: /home/choiyujiin/Desktop/rostwo_ws/install/turtlesim/share/turtlesim/images/eloquent.png
[18.324s] -- Up-to-date: /home/choiyujiin/Desktop/rostwo_ws/install/turtlesim/share/turtlesim/launch
[18.325s] -- Up-to-date: /home/choiyujiin/Desktop/rostwo_ws/install/turtlesim/share/turtlesim/launch/multisim.launch.py
[18.325s] -- Installing: /home/choiyujiin/Desktop/rostwo_ws/install/turtlesim/share/ament_index/resource_index/package_run_dependencies/turtlesim
[18.325s] -- Installing: /home/choiyujiin/Desktop/rostwo_ws/install/turtlesim/share/ament_index/resource_index/parent_prefix_path/turtlesim
[18.325s] -- Up-to-date: /home/choiyujiin/Desktop/rostwo_ws/install/turtlesim/share/turtlesim/environment/ament_prefix_path.sh
[18.325s] -- Installing: /home/choiyujiin/Desktop/rostwo_ws/install/turtlesim/share/turtlesim/environment/ament_prefix_path.dsv
[18.325s] -- Up-to-date: /home/choiyujiin/Desktop/rostwo_ws/install/turtlesim/share/turtlesim/environment/path.sh
[18.325s] -- Installing: /home/choiyujiin/Desktop/rostwo_ws/install/turtlesim/share/turtlesim/environment/path.dsv
[18.325s] -- Installing: /home/choiyujiin/Desktop/rostwo_ws/install/turtlesim/share/turtlesim/local_setup.bash
[18.325s] -- Installing: /home/choiyujiin/Desktop/rostwo_ws/install/turtlesim/share/turtlesim/local_setup.sh
[18.325s] -- Installing: /home/choiyujiin/Desktop/rostwo_ws/install/turtlesim/share/turtlesim/local_setup.zsh
[18.325s] -- Installing: /home/choiyujiin/Desktop/rostwo_ws/install/turtlesim/share/turtlesim/local_setup.dsv
[18.325s] -- Installing: /home/choiyujiin/Desktop/rostwo_ws/install/turtlesim/share/turtlesim/package.dsv
[18.325s] -- Installing: /home/choiyujiin/Desktop/rostwo_ws/install/turtlesim/share/ament_index/resource_index/packages/turtlesim
[18.325s] -- Installing: /home/choiyujiin/Desktop/rostwo_ws/install/turtlesim/share/turtlesim/cmake/turtlesim__rosidl_generator_cExport.cmake
[18.325s] -- Installing: /home/choiyujiin/Desktop/rostwo_ws/install/turtlesim/share/turtlesim/cmake/turtlesim__rosidl_generator_cExport-noconfig.cmake
[18.325s] -- Installing: /home/choiyujiin/Desktop/rostwo_ws/install/turtlesim/share/turtlesim/cmake/turtlesim__rosidl_typesupport_introspection_cExport.cmake
[18.325s] -- Installing: /home/choiyujiin/Desktop/rostwo_ws/install/turtlesim/share/turtlesim/cmake/turtlesim__rosidl_typesupport_introspection_cExport-noconfig.cmake
[18.326s] -- Installing: /home/choiyujiin/Desktop/rostwo_ws/install/turtlesim/share/turtlesim/cmake/turtlesim__rosidl_typesupport_cExport.cmake
[18.326s] -- Installing: /home/choiyujiin/Desktop/rostwo_ws/install/turtlesim/share/turtlesim/cmake/turtlesim__rosidl_typesupport_cExport-noconfig.cmake
[18.326s] -- Installing: /home/choiyujiin/Desktop/rostwo_ws/install/turtlesim/share/turtlesim/cmake/turtlesim__rosidl_generator_cppExport.cmake
[18.326s] -- Installing: /home/choiyujiin/Desktop/rostwo_ws/install/turtlesim/share/turtlesim/cmake/turtlesim__rosidl_typesupport_introspection_cppExport.cmake
[18.326s] -- Installing: /home/choiyujiin/Desktop/rostwo_ws/install/turtlesim/share/turtlesim/cmake/turtlesim__rosidl_typesupport_introspection_cppExport-noconfig.cmake
[18.326s] -- Installing: /home/choiyujiin/Desktop/rostwo_ws/install/turtlesim/share/turtlesim/cmake/turtlesim__rosidl_typesupport_cppExport.cmake
[18.326s] -- Installing: /home/choiyujiin/Desktop/rostwo_ws/install/turtlesim/share/turtlesim/cmake/turtlesim__rosidl_typesupport_cppExport-noconfig.cmake
[18.326s] -- Installing: /home/choiyujiin/Desktop/rostwo_ws/install/turtlesim/share/turtlesim/cmake/rosidl_cmake-extras.cmake
[18.326s] -- Installing: /home/choiyujiin/Desktop/rostwo_ws/install/turtlesim/share/turtlesim/cmake/ament_cmake_export_dependencies-extras.cmake
[18.327s] -- Installing: /home/choiyujiin/Desktop/rostwo_ws/install/turtlesim/share/turtlesim/cmake/ament_cmake_export_libraries-extras.cmake
[18.327s] -- Installing: /home/choiyujiin/Desktop/rostwo_ws/install/turtlesim/share/turtlesim/cmake/ament_cmake_export_targets-extras.cmake
[18.327s] -- Installing: /home/choiyujiin/Desktop/rostwo_ws/install/turtlesim/share/turtlesim/cmake/ament_cmake_export_include_directories-extras.cmake
[18.327s] -- Installing: /home/choiyujiin/Desktop/rostwo_ws/install/turtlesim/share/turtlesim/cmake/rosidl_cmake_export_typesupport_libraries-extras.cmake
[18.327s] -- Installing: /home/choiyujiin/Desktop/rostwo_ws/install/turtlesim/share/turtlesim/cmake/rosidl_cmake_export_typesupport_targets-extras.cmake
[18.327s] -- Installing: /home/choiyujiin/Desktop/rostwo_ws/install/turtlesim/share/turtlesim/cmake/turtlesimConfig.cmake
[18.327s] -- Installing: /home/choiyujiin/Desktop/rostwo_ws/install/turtlesim/share/turtlesim/cmake/turtlesimConfig-version.cmake
[18.327s] -- Up-to-date: /home/choiyujiin/Desktop/rostwo_ws/install/turtlesim/share/turtlesim/package.xml
[18.329s] Invoked command in '/home/choiyujiin/Desktop/rostwo_ws/build/turtlesim' returned '0': CMAKE_PREFIX_PATH=${CMAKE_PREFIX_PATH}:/opt/ros/foxy /usr/bin/cmake --install /home/choiyujiin/Desktop/rostwo_ws/build/turtlesim
