[0.602s] Invoking command in '/home/choiyujiin/Desktop/rostwo_ws/build/dynamixel_sdk_custom_interfaces': CMAKE_PREFIX_PATH=${CMAKE_PREFIX_PATH}:/opt/ros/foxy /usr/bin/cmake /home/choiyujiin/Desktop/rostwo_ws/src/DynamixelSDK/dynamixel_sdk_custom_interfaces -DAMENT_CMAKE_SYMLINK_INSTALL=1 -DCMAKE_INSTALL_PREFIX=/home/choiyujiin/Desktop/rostwo_ws/install/dynamixel_sdk_custom_interfaces
[0.643s] -- The C compiler identification is GNU 9.4.0
[0.681s] -- The CXX compiler identification is GNU 9.4.0
[0.683s] -- Check for working C compiler: /usr/bin/cc
[0.733s] -- Check for working C compiler: /usr/bin/cc -- works
[0.734s] -- Detecting C compiler ABI info
[0.782s] -- Detecting C compiler ABI info - done
[0.790s] -- Detecting C compile features
[0.790s] -- Detecting C compile features - done
[0.792s] -- Check for working CXX compiler: /usr/bin/c++
[0.849s] -- Check for working CXX compiler: /usr/bin/c++ -- works
[0.850s] -- Detecting CXX compiler ABI info
[0.905s] -- Detecting CXX compiler ABI info - done
[0.920s] -- Detecting CXX compile features
[0.920s] -- Detecting CXX compile features - done
[0.924s] -- Found ament_cmake: 0.9.12 (/opt/ros/foxy/share/ament_cmake/cmake)
[0.943s] -- Found PythonInterp: /usr/bin/python3 (found suitable version "3.8.10", minimum required is "3") 
[0.943s] -- Using PYTHON_EXECUTABLE: /usr/bin/python3
[1.060s] -- Override CMake install command with custom implementation using symlinks instead of copying resources
[1.080s] -- Found builtin_interfaces: 1.0.0 (/opt/ros/foxy/share/builtin_interfaces/cmake)
[1.099s] -- Using all available rosidl_typesupport_c: rosidl_typesupport_fastrtps_c;rosidl_typesupport_introspection_c
[1.103s] -- Found rosidl_adapter: 1.3.1 (/opt/ros/foxy/share/rosidl_adapter/cmake)
[1.154s] -- Found OpenSSL: /usr/lib/x86_64-linux-gnu/libcrypto.so (found version "1.1.1f")  
[1.174s] -- Found FastRTPS: /opt/ros/foxy/include  
[1.228s] -- Using all available rosidl_typesupport_cpp: rosidl_typesupport_fastrtps_cpp;rosidl_typesupport_introspection_cpp
[1.247s] -- Found rosidl_default_generators: 1.0.1 (/opt/ros/foxy/share/rosidl_default_generators/cmake)
[1.269s] -- Found PythonInterp: /usr/bin/python3 (found version "3.8.10") 
[1.370s] -- Found ament_cmake_ros: 0.9.2 (/opt/ros/foxy/share/ament_cmake_ros/cmake)
[1.445s] -- Using all available rosidl_typesupport_c: rosidl_typesupport_fastrtps_c;rosidl_typesupport_introspection_c
[1.457s] -- Using all available rosidl_typesupport_cpp: rosidl_typesupport_fastrtps_cpp;rosidl_typesupport_introspection_cpp
[1.475s] -- Found PythonInterp: /usr/bin/python3 (found suitable version "3.8.10", minimum required is "3.5") 
[1.477s] -- Found python_cmake_module: 0.8.1 (/opt/ros/foxy/share/python_cmake_module/cmake)
[1.497s] -- Found PythonLibs: /usr/lib/x86_64-linux-gnu/libpython3.8.so (found suitable version "3.8.10", minimum required is "3.5") 
[1.497s] -- Using PYTHON_EXECUTABLE: /usr/bin/python3
[1.497s] -- Using PYTHON_INCLUDE_DIRS: /usr/include/python3.8
[1.497s] -- Using PYTHON_LIBRARIES: /usr/lib/x86_64-linux-gnu/libpython3.8.so
[1.512s] -- Found PythonExtra: .so  
[1.552s] -- Configuring done
[1.577s] -- Generating done
[1.578s] -- Build files have been written to: /home/choiyujiin/Desktop/rostwo_ws/build/dynamixel_sdk_custom_interfaces
