[  1%] Built target turtlesim__cpp
[ 11%] Built target turtlesim__rosidl_generator_c
[ 21%] Built target turtlesim__rosidl_typesupport_cpp
[ 22%] [32m[1mLinking CXX shared library libturtlesim__rosidl_typesupport_fastrtps_cpp.so[0m
[ 32%] Built target turtlesim__rosidl_typesupport_introspection_c
[ 42%] Built target turtlesim__rosidl_typesupport_introspection_cpp
[ 52%] Built target turtlesim__rosidl_typesupport_c
[ 61%] Built target turtlesim__rosidl_typesupport_fastrtps_cpp
[ 62%] [32m[1mLinking CXX shared library libturtlesim__rosidl_typesupport_fastrtps_c.so[0m
[ 71%] Built target turtlesim__rosidl_typesupport_fastrtps_c
[ 71%] Built target turtlesim
[ 72%] Built target turtlesim__py
[ 74%] [32m[1mLinking CXX executable draw_square[0m
[ 74%] [32m[1mLinking CXX executable mimic[0m
[ 75%] [32m[1mLinking CXX executable turtle_teleop_key[0m
[ 76%] [32m[1mLinking CXX executable turtlesim_node[0m
[ 77%] [32m[1mLinking C shared library rosidl_generator_py/turtlesim/libturtlesim__python.so[0m
[ 85%] Built target turtlesim__python
[ 86%] [32m[1mLinking CXX shared library rosidl_generator_py/turtlesim/turtlesim_s__rosidl_typesupport_fastrtps_c.cpython-38-x86_64-linux-gnu.so[0m
[ 87%] [32m[1mLinking C shared library rosidl_generator_py/turtlesim/turtlesim_s__rosidl_typesupport_introspection_c.cpython-38-x86_64-linux-gnu.so[0m
[ 88%] [32m[1mLinking C shared library rosidl_generator_py/turtlesim/turtlesim_s__rosidl_typesupport_c.cpython-38-x86_64-linux-gnu.so[0m
[ 89%] Built target turtlesim__rosidl_typesupport_c__pyext
[ 90%] Built target turtlesim__rosidl_typesupport_fastrtps_c__pyext
[ 91%] Built target turtlesim__rosidl_typesupport_introspection_c__pyext
[ 92%] Built target turtle_teleop_key
[ 93%] Built target draw_square
[ 94%] Built target mimic
[100%] Built target turtlesim_node
