[0.308s] Invoking command in '/home/choiyujiin/Desktop/rostwo_ws/build/turtlesim': CMAKE_PREFIX_PATH=${CMAKE_PREFIX_PATH}:/opt/ros/foxy /usr/bin/cmake --build /home/choiyujiin/Desktop/rostwo_ws/build/turtlesim -- -j8 -l8
[0.352s] [  1%] Built target turtlesim__cpp
[0.361s] [ 11%] Built target turtlesim__rosidl_generator_c
[0.375s] [ 21%] Built target turtlesim__rosidl_typesupport_cpp
[0.382s] [ 22%] [32m[1mLinking CXX shared library libturtlesim__rosidl_typesupport_fastrtps_cpp.so[0m
[0.383s] [ 32%] Built target turtlesim__rosidl_typesupport_introspection_c
[0.385s] [ 42%] Built target turtlesim__rosidl_typesupport_introspection_cpp
[0.390s] [ 52%] Built target turtlesim__rosidl_typesupport_c
[0.462s] [ 61%] Built target turtlesim__rosidl_typesupport_fastrtps_cpp
[0.483s] [ 62%] [32m[1mLinking CXX shared library libturtlesim__rosidl_typesupport_fastrtps_c.so[0m
[0.552s] [ 71%] Built target turtlesim__rosidl_typesupport_fastrtps_c
[0.568s] [ 71%] Built target turtlesim
[0.594s] [ 72%] Built target turtlesim__py
[0.604s] [ 74%] [32m[1mLinking CXX executable draw_square[0m
[0.604s] [ 74%] [32m[1mLinking CXX executable mimic[0m
[0.615s] [ 75%] [32m[1mLinking CXX executable turtle_teleop_key[0m
[0.635s] [ 76%] [32m[1mLinking CXX executable turtlesim_node[0m
[0.655s] [ 77%] [32m[1mLinking C shared library rosidl_generator_py/turtlesim/libturtlesim__python.so[0m
[0.721s] [ 85%] Built target turtlesim__python
[0.793s] [ 86%] [32m[1mLinking CXX shared library rosidl_generator_py/turtlesim/turtlesim_s__rosidl_typesupport_fastrtps_c.cpython-38-x86_64-linux-gnu.so[0m
[0.805s] [ 87%] [32m[1mLinking C shared library rosidl_generator_py/turtlesim/turtlesim_s__rosidl_typesupport_introspection_c.cpython-38-x86_64-linux-gnu.so[0m
[0.841s] [ 88%] [32m[1mLinking C shared library rosidl_generator_py/turtlesim/turtlesim_s__rosidl_typesupport_c.cpython-38-x86_64-linux-gnu.so[0m
[0.910s] [ 89%] Built target turtlesim__rosidl_typesupport_c__pyext
[0.919s] [ 90%] Built target turtlesim__rosidl_typesupport_fastrtps_c__pyext
[0.931s] [ 91%] Built target turtlesim__rosidl_typesupport_introspection_c__pyext
[0.955s] [ 92%] Built target turtle_teleop_key
[1.020s] [ 93%] Built target draw_square
[1.101s] [ 94%] Built target mimic
[2.122s] [100%] Built target turtlesim_node
