[0.181s] Invoking command in '/home/choiyujiin/Desktop/rostwo_ws/build/turtlesim': CMAKE_PREFIX_PATH=/opt/ros/foxy /usr/bin/cmake /home/choiyujiin/Desktop/rostwo_ws/src/ros_tutorials/turtlesim -DCMAKE_INSTALL_PREFIX=/home/choiyujiin/Desktop/rostwo_ws/install/turtlesim
[0.230s] -- The C compiler identification is GNU 9.4.0
[0.271s] -- The CXX compiler identification is GNU 9.4.0
[0.274s] -- Check for working C compiler: /usr/bin/cc
[0.321s] -- Check for working C compiler: /usr/bin/cc -- works
[0.322s] -- Detecting C compiler ABI info
[0.372s] -- Detecting C compiler ABI info - done
[0.382s] -- Detecting C compile features
[0.382s] -- Detecting C compile features - done
[0.384s] -- Check for working CXX compiler: /usr/bin/c++
[0.438s] -- Check for working CXX compiler: /usr/bin/c++ -- works
[0.438s] -- Detecting CXX compiler ABI info
[0.499s] -- Detecting CXX compiler ABI info - done
[0.507s] -- Detecting CXX compile features
[0.507s] -- Detecting CXX compile features - done
[0.511s] -- Found ament_cmake: 0.9.12 (/opt/ros/foxy/share/ament_cmake/cmake)
[0.531s] -- Found PythonInterp: /usr/bin/python3 (found suitable version "3.8.10", minimum required is "3") 
[0.531s] -- Using PYTHON_EXECUTABLE: /usr/bin/python3
[0.661s] -- Found ament_index_cpp: 1.1.0 (/opt/ros/foxy/share/ament_index_cpp/cmake)
[0.664s] -- Found geometry_msgs: 2.0.5 (/opt/ros/foxy/share/geometry_msgs/cmake)
[0.688s] -- Using all available rosidl_typesupport_c: rosidl_typesupport_fastrtps_c;rosidl_typesupport_introspection_c
[0.694s] -- Found rosidl_adapter: 1.3.1 (/opt/ros/foxy/share/rosidl_adapter/cmake)
[0.753s] -- Found OpenSSL: /usr/lib/x86_64-linux-gnu/libcrypto.so (found version "1.1.1f")  
[0.773s] -- Found FastRTPS: /opt/ros/foxy/include  
[0.830s] -- Using all available rosidl_typesupport_cpp: rosidl_typesupport_fastrtps_cpp;rosidl_typesupport_introspection_cpp
[0.903s] -- Found rclcpp: 2.4.3 (/opt/ros/foxy/share/rclcpp/cmake)
[0.938s] -- Found rmw_implementation_cmake: 1.0.4 (/opt/ros/foxy/share/rmw_implementation_cmake/cmake)
[0.940s] -- Using RMW implementation 'rmw_fastrtps_cpp' as default
[0.941s] -- Looking for pthread.h
[0.992s] -- Looking for pthread.h - found
[0.992s] -- Performing Test CMAKE_HAVE_LIBC_PTHREAD
[1.063s] -- Performing Test CMAKE_HAVE_LIBC_PTHREAD - Failed
[1.064s] -- Looking for pthread_create in pthreads
[1.113s] -- Looking for pthread_create in pthreads - not found
[1.113s] -- Looking for pthread_create in pthread
[1.188s] -- Looking for pthread_create in pthread - found
[1.189s] -- Found Threads: TRUE  
[1.289s] -- Found rclcpp_action: 2.4.3 (/opt/ros/foxy/share/rclcpp_action/cmake)
[1.346s] -- Found rosidl_default_generators: 1.0.1 (/opt/ros/foxy/share/rosidl_default_generators/cmake)
[1.354s] -- Found std_srvs: 2.0.5 (/opt/ros/foxy/share/std_srvs/cmake)
[1.377s] -- Found PythonInterp: /usr/bin/python3 (found version "3.8.10") 
[1.500s] -- Found ament_cmake_ros: 0.9.2 (/opt/ros/foxy/share/ament_cmake_ros/cmake)
[1.591s] -- Using all available rosidl_typesupport_c: rosidl_typesupport_fastrtps_c;rosidl_typesupport_introspection_c
[1.609s] -- Using all available rosidl_typesupport_cpp: rosidl_typesupport_fastrtps_cpp;rosidl_typesupport_introspection_cpp
[1.626s] -- Found PythonInterp: /usr/bin/python3 (found suitable version "3.8.10", minimum required is "3.5") 
[1.627s] -- Found python_cmake_module: 0.8.1 (/opt/ros/foxy/share/python_cmake_module/cmake)
[1.646s] -- Found PythonLibs: /usr/lib/x86_64-linux-gnu/libpython3.8.so (found suitable version "3.8.10", minimum required is "3.5") 
[1.646s] -- Using PYTHON_EXECUTABLE: /usr/bin/python3
[1.646s] -- Using PYTHON_INCLUDE_DIRS: /usr/include/python3.8
[1.646s] -- Using PYTHON_LIBRARIES: /usr/lib/x86_64-linux-gnu/libpython3.8.so
[1.660s] -- Found PythonExtra: .so  
[1.706s] -- Configuring done
[1.764s] -- Generating done
[1.766s] -- Build files have been written to: /home/choiyujiin/Desktop/rostwo_ws/build/turtlesim
[1.774s] Invoked command in '/home/choiyujiin/Desktop/rostwo_ws/build/turtlesim' returned '0': CMAKE_PREFIX_PATH=/opt/ros/foxy /usr/bin/cmake /home/choiyujiin/Desktop/rostwo_ws/src/ros_tutorials/turtlesim -DCMAKE_INSTALL_PREFIX=/home/choiyujiin/Desktop/rostwo_ws/install/turtlesim
[1.777s] Invoking command in '/home/choiyujiin/Desktop/rostwo_ws/build/turtlesim': CMAKE_PREFIX_PATH=/opt/ros/foxy /usr/bin/cmake --build /home/choiyujiin/Desktop/rostwo_ws/build/turtlesim -- -j8 -l8
[1.807s] [  1%] [34m[1mGenerating C code for ROS interfaces[0m
[1.807s] [35m[1mScanning dependencies of target turtlesim__cpp[0m
[1.815s] [  2%] [34m[1mGenerating C++ code for ROS interfaces[0m
[2.386s] [  2%] Built target turtlesim__cpp
[2.393s] [  5%] [34m[1mGenerating C++ introspection for ROS interfaces[0m
[2.393s] [  5%] [34m[1mGenerating C++ type support dispatch for ROS interfaces[0m
[2.393s] [  5%] [34m[1mGenerating C++ type support for eProsima Fast-RTPS[0m
[2.479s] [35m[1mScanning dependencies of target turtlesim__rosidl_generator_c[0m
[2.497s] [  9%] [32mBuilding C object CMakeFiles/turtlesim__rosidl_generator_c.dir/rosidl_generator_c/turtlesim/srv/detail/set_pen__functions.c.o[0m
[2.497s] [  9%] [32mBuilding C object CMakeFiles/turtlesim__rosidl_generator_c.dir/rosidl_generator_c/turtlesim/msg/detail/color__functions.c.o[0m
[2.497s] [  9%] [32mBuilding C object CMakeFiles/turtlesim__rosidl_generator_c.dir/rosidl_generator_c/turtlesim/action/detail/rotate_absolute__functions.c.o[0m
[2.497s] [ 10%] [32mBuilding C object CMakeFiles/turtlesim__rosidl_generator_c.dir/rosidl_generator_c/turtlesim/srv/detail/kill__functions.c.o[0m
[2.497s] [  9%] [32mBuilding C object CMakeFiles/turtlesim__rosidl_generator_c.dir/rosidl_generator_c/turtlesim/msg/detail/pose__functions.c.o[0m
[2.552s] [ 11%] [32mBuilding C object CMakeFiles/turtlesim__rosidl_generator_c.dir/rosidl_generator_c/turtlesim/srv/detail/spawn__functions.c.o[0m
[2.553s] [ 12%] [32mBuilding C object CMakeFiles/turtlesim__rosidl_generator_c.dir/rosidl_generator_c/turtlesim/srv/detail/teleport_absolute__functions.c.o[0m
[2.561s] [ 13%] [32mBuilding C object CMakeFiles/turtlesim__rosidl_generator_c.dir/rosidl_generator_c/turtlesim/srv/detail/teleport_relative__functions.c.o[0m
[2.641s] [ 14%] [32m[1mLinking C shared library libturtlesim__rosidl_generator_c.so[0m
[2.671s] [ 14%] Built target turtlesim__rosidl_generator_c
[2.678s] [ 16%] [34m[1mGenerating C type support dispatch for ROS interfaces[0m
[2.679s] [ 16%] [34m[1mGenerating C introspection for ROS interfaces[0m
[2.944s] [35m[1mScanning dependencies of target turtlesim__rosidl_typesupport_introspection_cpp[0m
[2.965s] [ 20%] [32mBuilding CXX object CMakeFiles/turtlesim__rosidl_typesupport_introspection_cpp.dir/rosidl_typesupport_introspection_cpp/turtlesim/action/detail/rotate_absolute__type_support.cpp.o[0m
[2.965s] [ 20%] [32mBuilding CXX object CMakeFiles/turtlesim__rosidl_typesupport_introspection_cpp.dir/rosidl_typesupport_introspection_cpp/turtlesim/srv/detail/kill__type_support.cpp.o[0m
[2.965s] [ 20%] [32mBuilding CXX object CMakeFiles/turtlesim__rosidl_typesupport_introspection_cpp.dir/rosidl_typesupport_introspection_cpp/turtlesim/msg/detail/pose__type_support.cpp.o[0m
[2.965s] [ 20%] [32mBuilding CXX object CMakeFiles/turtlesim__rosidl_typesupport_introspection_cpp.dir/rosidl_typesupport_introspection_cpp/turtlesim/msg/detail/color__type_support.cpp.o[0m
[3.116s] [35m[1mScanning dependencies of target turtlesim__rosidl_typesupport_cpp[0m
[3.143s] [ 21%] [32mBuilding CXX object CMakeFiles/turtlesim__rosidl_typesupport_cpp.dir/rosidl_typesupport_cpp/turtlesim/action/rotate_absolute__type_support.cpp.o[0m
[3.180s] [35m[1mScanning dependencies of target turtlesim__rosidl_typesupport_c[0m
[3.204s] [ 22%] [32mBuilding CXX object CMakeFiles/turtlesim__rosidl_typesupport_c.dir/rosidl_typesupport_c/turtlesim/action/rotate_absolute__type_support.cpp.o[0m
[3.274s] [ 23%] [32mBuilding CXX object CMakeFiles/turtlesim__rosidl_typesupport_c.dir/rosidl_typesupport_c/turtlesim/msg/color__type_support.cpp.o[0m
[3.304s] [ 24%] [32mBuilding CXX object CMakeFiles/turtlesim__rosidl_typesupport_introspection_cpp.dir/rosidl_typesupport_introspection_cpp/turtlesim/srv/detail/set_pen__type_support.cpp.o[0m
[3.310s] [ 25%] [32mBuilding CXX object CMakeFiles/turtlesim__rosidl_typesupport_c.dir/rosidl_typesupport_c/turtlesim/msg/pose__type_support.cpp.o[0m
[3.317s] [ 27%] [32mBuilding CXX object CMakeFiles/turtlesim__rosidl_typesupport_introspection_cpp.dir/rosidl_typesupport_introspection_cpp/turtlesim/srv/detail/teleport_absolute__type_support.cpp.o[0m
[3.317s] [ 27%] [32mBuilding CXX object CMakeFiles/turtlesim__rosidl_typesupport_introspection_cpp.dir/rosidl_typesupport_introspection_cpp/turtlesim/srv/detail/spawn__type_support.cpp.o[0m
[3.346s] [ 28%] [32mBuilding CXX object CMakeFiles/turtlesim__rosidl_typesupport_c.dir/rosidl_typesupport_c/turtlesim/srv/kill__type_support.cpp.o[0m
[3.382s] [ 29%] [32mBuilding CXX object CMakeFiles/turtlesim__rosidl_typesupport_c.dir/rosidl_typesupport_c/turtlesim/srv/set_pen__type_support.cpp.o[0m
[3.388s] [ 30%] [32mBuilding CXX object CMakeFiles/turtlesim__rosidl_typesupport_c.dir/rosidl_typesupport_c/turtlesim/srv/spawn__type_support.cpp.o[0m
[3.418s] [ 31%] [32mBuilding CXX object CMakeFiles/turtlesim__rosidl_typesupport_c.dir/rosidl_typesupport_c/turtlesim/srv/teleport_absolute__type_support.cpp.o[0m
[3.425s] [ 32%] [32mBuilding CXX object CMakeFiles/turtlesim__rosidl_typesupport_c.dir/rosidl_typesupport_c/turtlesim/srv/teleport_relative__type_support.cpp.o[0m
[3.459s] [ 34%] [32m[1mLinking CXX shared library libturtlesim__rosidl_typesupport_c.so[0m
[3.459s] [ 34%] [32mBuilding CXX object CMakeFiles/turtlesim__rosidl_typesupport_introspection_cpp.dir/rosidl_typesupport_introspection_cpp/turtlesim/srv/detail/teleport_relative__type_support.cpp.o[0m
[3.464s] [35m[1mScanning dependencies of target turtlesim__rosidl_typesupport_introspection_c[0m
[3.490s] [ 35%] [32mBuilding C object CMakeFiles/turtlesim__rosidl_typesupport_introspection_c.dir/rosidl_typesupport_introspection_c/turtlesim/action/detail/rotate_absolute__type_support.c.o[0m
[3.528s] [ 35%] Built target turtlesim__rosidl_typesupport_c
[3.542s] [ 36%] [32mBuilding CXX object CMakeFiles/turtlesim__rosidl_typesupport_cpp.dir/rosidl_typesupport_cpp/turtlesim/msg/color__type_support.cpp.o[0m
[3.550s] [35m[1mScanning dependencies of target turtlesim__rosidl_typesupport_fastrtps_cpp[0m
[3.551s] [ 37%] [32mBuilding CXX object CMakeFiles/turtlesim__rosidl_typesupport_cpp.dir/rosidl_typesupport_cpp/turtlesim/msg/pose__type_support.cpp.o[0m
[3.567s] [ 38%] [32mBuilding C object CMakeFiles/turtlesim__rosidl_typesupport_introspection_c.dir/rosidl_typesupport_introspection_c/turtlesim/msg/detail/color__type_support.c.o[0m
[3.596s] [ 39%] [32mBuilding CXX object CMakeFiles/turtlesim__rosidl_typesupport_fastrtps_cpp.dir/rosidl_typesupport_fastrtps_cpp/turtlesim/action/detail/dds_fastrtps/rotate_absolute__type_support.cpp.o[0m
[3.603s] [ 40%] [32mBuilding C object CMakeFiles/turtlesim__rosidl_typesupport_introspection_c.dir/rosidl_typesupport_introspection_c/turtlesim/msg/detail/pose__type_support.c.o[0m
[3.635s] [ 41%] [32mBuilding C object CMakeFiles/turtlesim__rosidl_typesupport_introspection_c.dir/rosidl_typesupport_introspection_c/turtlesim/srv/detail/kill__type_support.c.o[0m
[3.640s] [ 42%] [32mBuilding C object CMakeFiles/turtlesim__rosidl_typesupport_introspection_c.dir/rosidl_typesupport_introspection_c/turtlesim/srv/detail/set_pen__type_support.c.o[0m
[3.645s] [ 43%] [32mBuilding CXX object CMakeFiles/turtlesim__rosidl_typesupport_fastrtps_cpp.dir/rosidl_typesupport_fastrtps_cpp/turtlesim/msg/detail/dds_fastrtps/color__type_support.cpp.o[0m
[3.645s] [ 44%] [32mBuilding CXX object CMakeFiles/turtlesim__rosidl_typesupport_cpp.dir/rosidl_typesupport_cpp/turtlesim/srv/kill__type_support.cpp.o[0m
[3.675s] [ 45%] [32mBuilding C object CMakeFiles/turtlesim__rosidl_typesupport_introspection_c.dir/rosidl_typesupport_introspection_c/turtlesim/srv/detail/spawn__type_support.c.o[0m
[3.692s] [ 46%] [32mBuilding C object CMakeFiles/turtlesim__rosidl_typesupport_introspection_c.dir/rosidl_typesupport_introspection_c/turtlesim/srv/detail/teleport_absolute__type_support.c.o[0m
[3.713s] [ 47%] [32mBuilding C object CMakeFiles/turtlesim__rosidl_typesupport_introspection_c.dir/rosidl_typesupport_introspection_c/turtlesim/srv/detail/teleport_relative__type_support.c.o[0m
[3.732s] [ 48%] [32mBuilding CXX object CMakeFiles/turtlesim__rosidl_typesupport_cpp.dir/rosidl_typesupport_cpp/turtlesim/srv/set_pen__type_support.cpp.o[0m
[3.753s] [ 49%] [32m[1mLinking C shared library libturtlesim__rosidl_typesupport_introspection_c.so[0m
[3.785s] [ 50%] [32m[1mLinking CXX shared library libturtlesim__rosidl_typesupport_introspection_cpp.so[0m
[3.789s] [ 50%] Built target turtlesim__rosidl_typesupport_introspection_c
[3.798s] [ 51%] [32mBuilding CXX object CMakeFiles/turtlesim__rosidl_typesupport_cpp.dir/rosidl_typesupport_cpp/turtlesim/srv/spawn__type_support.cpp.o[0m
[3.882s] [ 51%] Built target turtlesim__rosidl_typesupport_introspection_cpp
[3.887s] [ 52%] [32mBuilding CXX object CMakeFiles/turtlesim__rosidl_typesupport_fastrtps_cpp.dir/rosidl_typesupport_fastrtps_cpp/turtlesim/msg/detail/dds_fastrtps/pose__type_support.cpp.o[0m
[3.889s] [ 53%] [32mBuilding CXX object CMakeFiles/turtlesim__rosidl_typesupport_cpp.dir/rosidl_typesupport_cpp/turtlesim/srv/teleport_absolute__type_support.cpp.o[0m
[3.893s] [ 54%] [32mBuilding CXX object CMakeFiles/turtlesim__rosidl_typesupport_cpp.dir/rosidl_typesupport_cpp/turtlesim/srv/teleport_relative__type_support.cpp.o[0m
[3.987s] [ 55%] [32mBuilding CXX object CMakeFiles/turtlesim__rosidl_typesupport_fastrtps_cpp.dir/rosidl_typesupport_fastrtps_cpp/turtlesim/srv/detail/dds_fastrtps/kill__type_support.cpp.o[0m
[4.074s] [ 56%] [32mBuilding CXX object CMakeFiles/turtlesim__rosidl_typesupport_fastrtps_cpp.dir/rosidl_typesupport_fastrtps_cpp/turtlesim/srv/detail/dds_fastrtps/set_pen__type_support.cpp.o[0m
[4.140s] [ 57%] [32mBuilding CXX object CMakeFiles/turtlesim__rosidl_typesupport_fastrtps_cpp.dir/rosidl_typesupport_fastrtps_cpp/turtlesim/srv/detail/dds_fastrtps/spawn__type_support.cpp.o[0m
[4.144s] [ 58%] [32mBuilding CXX object CMakeFiles/turtlesim__rosidl_typesupport_fastrtps_cpp.dir/rosidl_typesupport_fastrtps_cpp/turtlesim/srv/detail/dds_fastrtps/teleport_absolute__type_support.cpp.o[0m
[4.191s] [ 59%] [32mBuilding CXX object CMakeFiles/turtlesim__rosidl_typesupport_fastrtps_cpp.dir/rosidl_typesupport_fastrtps_cpp/turtlesim/srv/detail/dds_fastrtps/teleport_relative__type_support.cpp.o[0m
[4.232s] [ 60%] [32m[1mLinking CXX shared library libturtlesim__rosidl_typesupport_cpp.so[0m
[4.284s] [ 60%] Built target turtlesim__rosidl_typesupport_cpp
[4.561s] [ 61%] [32m[1mLinking CXX shared library libturtlesim__rosidl_typesupport_fastrtps_cpp.so[0m
[4.627s] [ 61%] Built target turtlesim__rosidl_typesupport_fastrtps_cpp
[4.634s] [ 62%] [34m[1mGenerating C type support for eProsima Fast-RTPS[0m
[5.133s] [35m[1mScanning dependencies of target turtlesim__rosidl_typesupport_fastrtps_c[0m
[5.163s] [ 67%] [32mBuilding CXX object CMakeFiles/turtlesim__rosidl_typesupport_fastrtps_c.dir/rosidl_typesupport_fastrtps_c/turtlesim/srv/detail/set_pen__type_support_c.cpp.o[0m
[5.163s] [ 67%] [32mBuilding CXX object CMakeFiles/turtlesim__rosidl_typesupport_fastrtps_c.dir/rosidl_typesupport_fastrtps_c/turtlesim/action/detail/rotate_absolute__type_support_c.cpp.o[0m
[5.163s] [ 67%] [32mBuilding CXX object CMakeFiles/turtlesim__rosidl_typesupport_fastrtps_c.dir/rosidl_typesupport_fastrtps_c/turtlesim/msg/detail/pose__type_support_c.cpp.o[0m
[5.163s] [ 67%] [32mBuilding CXX object CMakeFiles/turtlesim__rosidl_typesupport_fastrtps_c.dir/rosidl_typesupport_fastrtps_c/turtlesim/msg/detail/color__type_support_c.cpp.o[0m
[5.163s] [ 67%] [32mBuilding CXX object CMakeFiles/turtlesim__rosidl_typesupport_fastrtps_c.dir/rosidl_typesupport_fastrtps_c/turtlesim/srv/detail/kill__type_support_c.cpp.o[0m
[5.163s] [ 68%] [32mBuilding CXX object CMakeFiles/turtlesim__rosidl_typesupport_fastrtps_c.dir/rosidl_typesupport_fastrtps_c/turtlesim/srv/detail/spawn__type_support_c.cpp.o[0m
[5.163s] [ 69%] [32mBuilding CXX object CMakeFiles/turtlesim__rosidl_typesupport_fastrtps_c.dir/rosidl_typesupport_fastrtps_c/turtlesim/srv/detail/teleport_relative__type_support_c.cpp.o[0m
[5.169s] [ 70%] [32mBuilding CXX object CMakeFiles/turtlesim__rosidl_typesupport_fastrtps_c.dir/rosidl_typesupport_fastrtps_c/turtlesim/srv/detail/teleport_absolute__type_support_c.cpp.o[0m
[5.609s] [ 71%] [32m[1mLinking CXX shared library libturtlesim__rosidl_typesupport_fastrtps_c.so[0m
[5.682s] [ 71%] Built target turtlesim__rosidl_typesupport_fastrtps_c
[5.689s] [35m[1mScanning dependencies of target turtlesim[0m
[5.696s] [ 71%] Built target turtlesim
[5.703s] [35m[1mScanning dependencies of target draw_square[0m
[5.703s] [35m[1mScanning dependencies of target turtle_teleop_key[0m
[5.703s] [35m[1mScanning dependencies of target turtlesim__py[0m
[5.704s] [35m[1mScanning dependencies of target mimic[0m
[5.705s] [ 72%] [34m[1mGenerating include/turtlesim/moc_turtle_frame.cpp[0m
[5.710s] [ 73%] [34m[1mGenerating Python code for ROS interfaces[0m
[5.769s] [ 74%] [32mBuilding CXX object CMakeFiles/mimic.dir/tutorials/mimic.cpp.o[0m
[5.770s] [35m[1mScanning dependencies of target turtlesim_node[0m
[5.774s] [ 75%] [32mBuilding CXX object CMakeFiles/turtle_teleop_key.dir/tutorials/teleop_turtle_key.cpp.o[0m
[5.775s] [ 76%] [32mBuilding CXX object CMakeFiles/draw_square.dir/tutorials/draw_square.cpp.o[0m
[5.840s] [ 77%] [32mBuilding CXX object CMakeFiles/turtlesim_node.dir/src/turtlesim.cpp.o[0m
[5.842s] [ 78%] [32mBuilding CXX object CMakeFiles/turtlesim_node.dir/src/turtle.cpp.o[0m
[5.842s] [ 79%] [32mBuilding CXX object CMakeFiles/turtlesim_node.dir/src/turtle_frame.cpp.o[0m
[5.860s] [ 80%] [32mBuilding CXX object CMakeFiles/turtlesim_node.dir/include/turtlesim/moc_turtle_frame.cpp.o[0m
[8.548s] [ 80%] Built target turtlesim__py
[8.562s] [35m[1mScanning dependencies of target turtlesim__python[0m
[8.625s] [ 81%] [32mBuilding C object CMakeFiles/turtlesim__python.dir/rosidl_generator_py/turtlesim/action/_rotate_absolute_s.c.o[0m
[8.824s] [ 82%] [32mBuilding C object CMakeFiles/turtlesim__python.dir/rosidl_generator_py/turtlesim/msg/_color_s.c.o[0m
[8.948s] [ 83%] [32mBuilding C object CMakeFiles/turtlesim__python.dir/rosidl_generator_py/turtlesim/msg/_pose_s.c.o[0m
[9.075s] [ 84%] [32mBuilding C object CMakeFiles/turtlesim__python.dir/rosidl_generator_py/turtlesim/srv/_kill_s.c.o[0m
[9.205s] [ 85%] [32mBuilding C object CMakeFiles/turtlesim__python.dir/rosidl_generator_py/turtlesim/srv/_set_pen_s.c.o[0m
[9.337s] [ 86%] [32mBuilding C object CMakeFiles/turtlesim__python.dir/rosidl_generator_py/turtlesim/srv/_spawn_s.c.o[0m
[9.414s] [ 87%] [32mBuilding C object CMakeFiles/turtlesim__python.dir/rosidl_generator_py/turtlesim/srv/_teleport_absolute_s.c.o[0m
[9.479s] [ 88%] [32mBuilding C object CMakeFiles/turtlesim__python.dir/rosidl_generator_py/turtlesim/srv/_teleport_relative_s.c.o[0m
[9.608s] [ 89%] [32m[1mLinking C shared library rosidl_generator_py/turtlesim/libturtlesim__python.so[0m
[9.661s] [ 89%] Built target turtlesim__python
[9.673s] [35m[1mScanning dependencies of target turtlesim__rosidl_typesupport_introspection_c__pyext[0m
[9.673s] [35m[1mScanning dependencies of target turtlesim__rosidl_typesupport_c__pyext[0m
[9.673s] [35m[1mScanning dependencies of target turtlesim__rosidl_typesupport_fastrtps_c__pyext[0m
[9.704s] [ 90%] [32mBuilding C object CMakeFiles/turtlesim__rosidl_typesupport_introspection_c__pyext.dir/rosidl_generator_py/turtlesim/_turtlesim_s.ep.rosidl_typesupport_introspection_c.c.o[0m
[9.704s] [ 92%] [32mBuilding C object CMakeFiles/turtlesim__rosidl_typesupport_fastrtps_c__pyext.dir/rosidl_generator_py/turtlesim/_turtlesim_s.ep.rosidl_typesupport_fastrtps_c.c.o[0m
[9.705s] [ 92%] [32mBuilding C object CMakeFiles/turtlesim__rosidl_typesupport_c__pyext.dir/rosidl_generator_py/turtlesim/_turtlesim_s.ep.rosidl_typesupport_c.c.o[0m
[9.910s] [ 93%] [32m[1mLinking C shared library rosidl_generator_py/turtlesim/turtlesim_s__rosidl_typesupport_c.cpython-38-x86_64-linux-gnu.so[0m
[9.921s] [ 94%] [32m[1mLinking C shared library rosidl_generator_py/turtlesim/turtlesim_s__rosidl_typesupport_introspection_c.cpython-38-x86_64-linux-gnu.so[0m
[9.925s] [ 95%] [32m[1mLinking CXX shared library rosidl_generator_py/turtlesim/turtlesim_s__rosidl_typesupport_fastrtps_c.cpython-38-x86_64-linux-gnu.so[0m
[9.961s] [ 95%] Built target turtlesim__rosidl_typesupport_c__pyext
[9.971s] [ 95%] Built target turtlesim__rosidl_typesupport_introspection_c__pyext
[9.996s] [ 95%] Built target turtlesim__rosidl_typesupport_fastrtps_c__pyext
[11.246s] [ 96%] [32m[1mLinking CXX executable turtle_teleop_key[0m
[11.547s] [ 96%] Built target turtle_teleop_key
[11.550s] [ 97%] [32m[1mLinking CXX executable mimic[0m
[11.776s] [ 97%] Built target mimic
[12.411s] [ 98%] [32m[1mLinking CXX executable draw_square[0m
[12.634s] [ 98%] Built target draw_square
[13.965s] [100%] [32m[1mLinking CXX executable turtlesim_node[0m
[15.026s] [100%] Built target turtlesim_node
[15.036s] Invoked command in '/home/choiyujiin/Desktop/rostwo_ws/build/turtlesim' returned '0': CMAKE_PREFIX_PATH=/opt/ros/foxy /usr/bin/cmake --build /home/choiyujiin/Desktop/rostwo_ws/build/turtlesim -- -j8 -l8
[15.137s] Invoking command in '/home/choiyujiin/Desktop/rostwo_ws/build/turtlesim': CMAKE_PREFIX_PATH=/opt/ros/foxy /usr/bin/cmake --install /home/choiyujiin/Desktop/rostwo_ws/build/turtlesim
[15.144s] -- Install configuration: ""
[15.144s] -- Installing: /home/choiyujiin/Desktop/rostwo_ws/install/turtlesim/share/ament_index/resource_index/rosidl_interfaces/turtlesim
[15.144s] -- Installing: /home/choiyujiin/Desktop/rostwo_ws/install/turtlesim/include/turtlesim
[15.144s] -- Installing: /home/choiyujiin/Desktop/rostwo_ws/install/turtlesim/include/turtlesim/srv
[15.144s] -- Installing: /home/choiyujiin/Desktop/rostwo_ws/install/turtlesim/include/turtlesim/srv/spawn.h
[15.144s] -- Installing: /home/choiyujiin/Desktop/rostwo_ws/install/turtlesim/include/turtlesim/srv/set_pen.h
[15.144s] -- Installing: /home/choiyujiin/Desktop/rostwo_ws/install/turtlesim/include/turtlesim/srv/detail
[15.144s] -- Installing: /home/choiyujiin/Desktop/rostwo_ws/install/turtlesim/include/turtlesim/srv/detail/spawn__functions.c
[15.144s] -- Installing: /home/choiyujiin/Desktop/rostwo_ws/install/turtlesim/include/turtlesim/srv/detail/teleport_absolute__functions.c
[15.144s] -- Installing: /home/choiyujiin/Desktop/rostwo_ws/install/turtlesim/include/turtlesim/srv/detail/kill__functions.c
[15.144s] -- Installing: /home/choiyujiin/Desktop/rostwo_ws/install/turtlesim/include/turtlesim/srv/detail/kill__struct.h
[15.144s] -- Installing: /home/choiyujiin/Desktop/rostwo_ws/install/turtlesim/include/turtlesim/srv/detail/kill__functions.h
[15.144s] -- Installing: /home/choiyujiin/Desktop/rostwo_ws/install/turtlesim/include/turtlesim/srv/detail/teleport_relative__functions.h
[15.145s] -- Installing: /home/choiyujiin/Desktop/rostwo_ws/install/turtlesim/include/turtlesim/srv/detail/teleport_relative__type_support.h
[15.145s] -- Installing: /home/choiyujiin/Desktop/rostwo_ws/install/turtlesim/include/turtlesim/srv/detail/teleport_relative__struct.h
[15.145s] -- Installing: /home/choiyujiin/Desktop/rostwo_ws/install/turtlesim/include/turtlesim/srv/detail/teleport_absolute__type_support.h
[15.145s] -- Installing: /home/choiyujiin/Desktop/rostwo_ws/install/turtlesim/include/turtlesim/srv/detail/spawn__struct.h
[15.145s] -- Installing: /home/choiyujiin/Desktop/rostwo_ws/install/turtlesim/include/turtlesim/srv/detail/set_pen__functions.c
[15.145s] -- Installing: /home/choiyujiin/Desktop/rostwo_ws/install/turtlesim/include/turtlesim/srv/detail/set_pen__functions.h
[15.145s] -- Installing: /home/choiyujiin/Desktop/rostwo_ws/install/turtlesim/include/turtlesim/srv/detail/teleport_relative__functions.c
[15.145s] -- Installing: /home/choiyujiin/Desktop/rostwo_ws/install/turtlesim/include/turtlesim/srv/detail/teleport_absolute__struct.h
[15.145s] -- Installing: /home/choiyujiin/Desktop/rostwo_ws/install/turtlesim/include/turtlesim/srv/detail/teleport_absolute__functions.h
[15.145s] -- Installing: /home/choiyujiin/Desktop/rostwo_ws/install/turtlesim/include/turtlesim/srv/detail/spawn__type_support.h
[15.145s] -- Installing: /home/choiyujiin/Desktop/rostwo_ws/install/turtlesim/include/turtlesim/srv/detail/set_pen__type_support.h
[15.145s] -- Installing: /home/choiyujiin/Desktop/rostwo_ws/install/turtlesim/include/turtlesim/srv/detail/kill__type_support.h
[15.145s] -- Installing: /home/choiyujiin/Desktop/rostwo_ws/install/turtlesim/include/turtlesim/srv/detail/spawn__functions.h
[15.145s] -- Installing: /home/choiyujiin/Desktop/rostwo_ws/install/turtlesim/include/turtlesim/srv/detail/set_pen__struct.h
[15.145s] -- Installing: /home/choiyujiin/Desktop/rostwo_ws/install/turtlesim/include/turtlesim/srv/kill.h
[15.145s] -- Installing: /home/choiyujiin/Desktop/rostwo_ws/install/turtlesim/include/turtlesim/srv/teleport_absolute.h
[15.145s] -- Installing: /home/choiyujiin/Desktop/rostwo_ws/install/turtlesim/include/turtlesim/srv/teleport_relative.h
[15.145s] -- Installing: /home/choiyujiin/Desktop/rostwo_ws/install/turtlesim/include/turtlesim/msg
[15.146s] -- Installing: /home/choiyujiin/Desktop/rostwo_ws/install/turtlesim/include/turtlesim/msg/pose.h
[15.146s] -- Installing: /home/choiyujiin/Desktop/rostwo_ws/install/turtlesim/include/turtlesim/msg/detail
[15.146s] -- Installing: /home/choiyujiin/Desktop/rostwo_ws/install/turtlesim/include/turtlesim/msg/detail/color__functions.c
[15.146s] -- Installing: /home/choiyujiin/Desktop/rostwo_ws/install/turtlesim/include/turtlesim/msg/detail/color__functions.h
[15.146s] -- Installing: /home/choiyujiin/Desktop/rostwo_ws/install/turtlesim/include/turtlesim/msg/detail/pose__functions.c
[15.146s] -- Installing: /home/choiyujiin/Desktop/rostwo_ws/install/turtlesim/include/turtlesim/msg/detail/color__struct.h
[15.146s] -- Installing: /home/choiyujiin/Desktop/rostwo_ws/install/turtlesim/include/turtlesim/msg/detail/pose__functions.h
[15.146s] -- Installing: /home/choiyujiin/Desktop/rostwo_ws/install/turtlesim/include/turtlesim/msg/detail/pose__struct.h
[15.146s] -- Installing: /home/choiyujiin/Desktop/rostwo_ws/install/turtlesim/include/turtlesim/msg/detail/color__type_support.h
[15.146s] -- Installing: /home/choiyujiin/Desktop/rostwo_ws/install/turtlesim/include/turtlesim/msg/detail/pose__type_support.h
[15.146s] -- Installing: /home/choiyujiin/Desktop/rostwo_ws/install/turtlesim/include/turtlesim/msg/rosidl_generator_c__visibility_control.h
[15.146s] -- Installing: /home/choiyujiin/Desktop/rostwo_ws/install/turtlesim/include/turtlesim/msg/color.h
[15.146s] -- Installing: /home/choiyujiin/Desktop/rostwo_ws/install/turtlesim/include/turtlesim/action
[15.146s] -- Installing: /home/choiyujiin/Desktop/rostwo_ws/install/turtlesim/include/turtlesim/action/rotate_absolute.h
[15.146s] -- Installing: /home/choiyujiin/Desktop/rostwo_ws/install/turtlesim/include/turtlesim/action/detail
[15.146s] -- Installing: /home/choiyujiin/Desktop/rostwo_ws/install/turtlesim/include/turtlesim/action/detail/rotate_absolute__functions.c
[15.146s] -- Installing: /home/choiyujiin/Desktop/rostwo_ws/install/turtlesim/include/turtlesim/action/detail/rotate_absolute__functions.h
[15.146s] -- Installing: /home/choiyujiin/Desktop/rostwo_ws/install/turtlesim/include/turtlesim/action/detail/rotate_absolute__struct.h
[15.146s] -- Installing: /home/choiyujiin/Desktop/rostwo_ws/install/turtlesim/include/turtlesim/action/detail/rotate_absolute__type_support.h
[15.146s] -- Installing: /home/choiyujiin/Desktop/rostwo_ws/install/turtlesim/share/turtlesim/environment/library_path.sh
[15.147s] -- Installing: /home/choiyujiin/Desktop/rostwo_ws/install/turtlesim/share/turtlesim/environment/library_path.dsv
[15.147s] -- Installing: /home/choiyujiin/Desktop/rostwo_ws/install/turtlesim/lib/libturtlesim__rosidl_generator_c.so
[15.147s] -- Set runtime path of "/home/choiyujiin/Desktop/rostwo_ws/install/turtlesim/lib/libturtlesim__rosidl_generator_c.so" to ""
[15.147s] -- Up-to-date: /home/choiyujiin/Desktop/rostwo_ws/install/turtlesim/include/turtlesim
[15.147s] -- Up-to-date: /home/choiyujiin/Desktop/rostwo_ws/install/turtlesim/include/turtlesim/srv
[15.147s] -- Up-to-date: /home/choiyujiin/Desktop/rostwo_ws/install/turtlesim/include/turtlesim/srv/detail
[15.147s] -- Installing: /home/choiyujiin/Desktop/rostwo_ws/install/turtlesim/include/turtlesim/srv/detail/set_pen__rosidl_typesupport_fastrtps_c.h
[15.147s] -- Installing: /home/choiyujiin/Desktop/rostwo_ws/install/turtlesim/include/turtlesim/srv/detail/kill__rosidl_typesupport_fastrtps_c.h
[15.147s] -- Installing: /home/choiyujiin/Desktop/rostwo_ws/install/turtlesim/include/turtlesim/srv/detail/teleport_relative__rosidl_typesupport_fastrtps_c.h
[15.147s] -- Installing: /home/choiyujiin/Desktop/rostwo_ws/install/turtlesim/include/turtlesim/srv/detail/teleport_absolute__rosidl_typesupport_fastrtps_c.h
[15.147s] -- Installing: /home/choiyujiin/Desktop/rostwo_ws/install/turtlesim/include/turtlesim/srv/detail/spawn__rosidl_typesupport_fastrtps_c.h
[15.147s] -- Up-to-date: /home/choiyujiin/Desktop/rostwo_ws/install/turtlesim/include/turtlesim/msg
[15.147s] -- Up-to-date: /home/choiyujiin/Desktop/rostwo_ws/install/turtlesim/include/turtlesim/msg/detail
[15.147s] -- Installing: /home/choiyujiin/Desktop/rostwo_ws/install/turtlesim/include/turtlesim/msg/detail/pose__rosidl_typesupport_fastrtps_c.h
[15.148s] -- Installing: /home/choiyujiin/Desktop/rostwo_ws/install/turtlesim/include/turtlesim/msg/detail/color__rosidl_typesupport_fastrtps_c.h
[15.148s] -- Installing: /home/choiyujiin/Desktop/rostwo_ws/install/turtlesim/include/turtlesim/msg/rosidl_typesupport_fastrtps_c__visibility_control.h
[15.148s] -- Up-to-date: /home/choiyujiin/Desktop/rostwo_ws/install/turtlesim/include/turtlesim/action
[15.148s] -- Up-to-date: /home/choiyujiin/Desktop/rostwo_ws/install/turtlesim/include/turtlesim/action/detail
[15.148s] -- Installing: /home/choiyujiin/Desktop/rostwo_ws/install/turtlesim/include/turtlesim/action/detail/rotate_absolute__rosidl_typesupport_fastrtps_c.h
[15.148s] -- Installing: /home/choiyujiin/Desktop/rostwo_ws/install/turtlesim/lib/libturtlesim__rosidl_typesupport_fastrtps_c.so
[15.148s] -- Set runtime path of "/home/choiyujiin/Desktop/rostwo_ws/install/turtlesim/lib/libturtlesim__rosidl_typesupport_fastrtps_c.so" to ""
[15.148s] -- Up-to-date: /home/choiyujiin/Desktop/rostwo_ws/install/turtlesim/include/turtlesim
[15.148s] -- Up-to-date: /home/choiyujiin/Desktop/rostwo_ws/install/turtlesim/include/turtlesim/srv
[15.148s] -- Up-to-date: /home/choiyujiin/Desktop/rostwo_ws/install/turtlesim/include/turtlesim/srv/detail
[15.148s] -- Installing: /home/choiyujiin/Desktop/rostwo_ws/install/turtlesim/include/turtlesim/srv/detail/spawn__rosidl_typesupport_fastrtps_cpp.hpp
[15.148s] -- Installing: /home/choiyujiin/Desktop/rostwo_ws/install/turtlesim/include/turtlesim/srv/detail/dds_fastrtps
[15.148s] -- Installing: /home/choiyujiin/Desktop/rostwo_ws/install/turtlesim/include/turtlesim/srv/detail/teleport_relative__rosidl_typesupport_fastrtps_cpp.hpp
[15.148s] -- Installing: /home/choiyujiin/Desktop/rostwo_ws/install/turtlesim/include/turtlesim/srv/detail/teleport_absolute__rosidl_typesupport_fastrtps_cpp.hpp
[15.148s] -- Installing: /home/choiyujiin/Desktop/rostwo_ws/install/turtlesim/include/turtlesim/srv/detail/set_pen__rosidl_typesupport_fastrtps_cpp.hpp
[15.148s] -- Installing: /home/choiyujiin/Desktop/rostwo_ws/install/turtlesim/include/turtlesim/srv/detail/kill__rosidl_typesupport_fastrtps_cpp.hpp
[15.148s] -- Up-to-date: /home/choiyujiin/Desktop/rostwo_ws/install/turtlesim/include/turtlesim/msg
[15.149s] -- Up-to-date: /home/choiyujiin/Desktop/rostwo_ws/install/turtlesim/include/turtlesim/msg/detail
[15.149s] -- Installing: /home/choiyujiin/Desktop/rostwo_ws/install/turtlesim/include/turtlesim/msg/detail/dds_fastrtps
[15.149s] -- Installing: /home/choiyujiin/Desktop/rostwo_ws/install/turtlesim/include/turtlesim/msg/detail/pose__rosidl_typesupport_fastrtps_cpp.hpp
[15.149s] -- Installing: /home/choiyujiin/Desktop/rostwo_ws/install/turtlesim/include/turtlesim/msg/detail/color__rosidl_typesupport_fastrtps_cpp.hpp
[15.149s] -- Installing: /home/choiyujiin/Desktop/rostwo_ws/install/turtlesim/include/turtlesim/msg/rosidl_typesupport_fastrtps_cpp__visibility_control.h
[15.149s] -- Up-to-date: /home/choiyujiin/Desktop/rostwo_ws/install/turtlesim/include/turtlesim/action
[15.149s] -- Up-to-date: /home/choiyujiin/Desktop/rostwo_ws/install/turtlesim/include/turtlesim/action/detail
[15.149s] -- Installing: /home/choiyujiin/Desktop/rostwo_ws/install/turtlesim/include/turtlesim/action/detail/rotate_absolute__rosidl_typesupport_fastrtps_cpp.hpp
[15.149s] -- Installing: /home/choiyujiin/Desktop/rostwo_ws/install/turtlesim/include/turtlesim/action/detail/dds_fastrtps
[15.149s] -- Installing: /home/choiyujiin/Desktop/rostwo_ws/install/turtlesim/lib/libturtlesim__rosidl_typesupport_fastrtps_cpp.so
[15.149s] -- Set runtime path of "/home/choiyujiin/Desktop/rostwo_ws/install/turtlesim/lib/libturtlesim__rosidl_typesupport_fastrtps_cpp.so" to ""
[15.149s] -- Up-to-date: /home/choiyujiin/Desktop/rostwo_ws/install/turtlesim/include/turtlesim
[15.149s] -- Up-to-date: /home/choiyujiin/Desktop/rostwo_ws/install/turtlesim/include/turtlesim/srv
[15.149s] -- Up-to-date: /home/choiyujiin/Desktop/rostwo_ws/install/turtlesim/include/turtlesim/srv/detail
[15.149s] -- Installing: /home/choiyujiin/Desktop/rostwo_ws/install/turtlesim/include/turtlesim/srv/detail/teleport_absolute__type_support.c
[15.149s] -- Installing: /home/choiyujiin/Desktop/rostwo_ws/install/turtlesim/include/turtlesim/srv/detail/teleport_absolute__rosidl_typesupport_introspection_c.h
[15.149s] -- Installing: /home/choiyujiin/Desktop/rostwo_ws/install/turtlesim/include/turtlesim/srv/detail/teleport_relative__type_support.c
[15.149s] -- Installing: /home/choiyujiin/Desktop/rostwo_ws/install/turtlesim/include/turtlesim/srv/detail/set_pen__type_support.c
[15.149s] -- Installing: /home/choiyujiin/Desktop/rostwo_ws/install/turtlesim/include/turtlesim/srv/detail/kill__rosidl_typesupport_introspection_c.h
[15.150s] -- Installing: /home/choiyujiin/Desktop/rostwo_ws/install/turtlesim/include/turtlesim/srv/detail/set_pen__rosidl_typesupport_introspection_c.h
[15.150s] -- Installing: /home/choiyujiin/Desktop/rostwo_ws/install/turtlesim/include/turtlesim/srv/detail/spawn__type_support.c
[15.150s] -- Installing: /home/choiyujiin/Desktop/rostwo_ws/install/turtlesim/include/turtlesim/srv/detail/kill__type_support.c
[15.150s] -- Installing: /home/choiyujiin/Desktop/rostwo_ws/install/turtlesim/include/turtlesim/srv/detail/spawn__rosidl_typesupport_introspection_c.h
[15.150s] -- Installing: /home/choiyujiin/Desktop/rostwo_ws/install/turtlesim/include/turtlesim/srv/detail/teleport_relative__rosidl_typesupport_introspection_c.h
[15.150s] -- Up-to-date: /home/choiyujiin/Desktop/rostwo_ws/install/turtlesim/include/turtlesim/msg
[15.150s] -- Up-to-date: /home/choiyujiin/Desktop/rostwo_ws/install/turtlesim/include/turtlesim/msg/detail
[15.150s] -- Installing: /home/choiyujiin/Desktop/rostwo_ws/install/turtlesim/include/turtlesim/msg/detail/color__type_support.c
[15.150s] -- Installing: /home/choiyujiin/Desktop/rostwo_ws/install/turtlesim/include/turtlesim/msg/detail/pose__type_support.c
[15.150s] -- Installing: /home/choiyujiin/Desktop/rostwo_ws/install/turtlesim/include/turtlesim/msg/detail/pose__rosidl_typesupport_introspection_c.h
[15.150s] -- Installing: /home/choiyujiin/Desktop/rostwo_ws/install/turtlesim/include/turtlesim/msg/detail/color__rosidl_typesupport_introspection_c.h
[15.150s] -- Installing: /home/choiyujiin/Desktop/rostwo_ws/install/turtlesim/include/turtlesim/msg/rosidl_typesupport_introspection_c__visibility_control.h
[15.150s] -- Up-to-date: /home/choiyujiin/Desktop/rostwo_ws/install/turtlesim/include/turtlesim/action
[15.150s] -- Up-to-date: /home/choiyujiin/Desktop/rostwo_ws/install/turtlesim/include/turtlesim/action/detail
[15.150s] -- Installing: /home/choiyujiin/Desktop/rostwo_ws/install/turtlesim/include/turtlesim/action/detail/rotate_absolute__rosidl_typesupport_introspection_c.h
[15.150s] -- Installing: /home/choiyujiin/Desktop/rostwo_ws/install/turtlesim/include/turtlesim/action/detail/rotate_absolute__type_support.c
[15.150s] -- Installing: /home/choiyujiin/Desktop/rostwo_ws/install/turtlesim/lib/libturtlesim__rosidl_typesupport_introspection_c.so
[15.150s] -- Set runtime path of "/home/choiyujiin/Desktop/rostwo_ws/install/turtlesim/lib/libturtlesim__rosidl_typesupport_introspection_c.so" to ""
[15.150s] -- Installing: /home/choiyujiin/Desktop/rostwo_ws/install/turtlesim/lib/libturtlesim__rosidl_typesupport_c.so
[15.150s] -- Set runtime path of "/home/choiyujiin/Desktop/rostwo_ws/install/turtlesim/lib/libturtlesim__rosidl_typesupport_c.so" to ""
[15.151s] -- Up-to-date: /home/choiyujiin/Desktop/rostwo_ws/install/turtlesim/include/turtlesim
[15.151s] -- Up-to-date: /home/choiyujiin/Desktop/rostwo_ws/install/turtlesim/include/turtlesim/srv
[15.151s] -- Installing: /home/choiyujiin/Desktop/rostwo_ws/install/turtlesim/include/turtlesim/srv/set_pen.hpp
[15.151s] -- Installing: /home/choiyujiin/Desktop/rostwo_ws/install/turtlesim/include/turtlesim/srv/teleport_absolute.hpp
[15.151s] -- Up-to-date: /home/choiyujiin/Desktop/rostwo_ws/install/turtlesim/include/turtlesim/srv/detail
[15.151s] -- Installing: /home/choiyujiin/Desktop/rostwo_ws/install/turtlesim/include/turtlesim/srv/detail/spawn__struct.hpp
[15.151s] -- Installing: /home/choiyujiin/Desktop/rostwo_ws/install/turtlesim/include/turtlesim/srv/detail/set_pen__traits.hpp
[15.151s] -- Installing: /home/choiyujiin/Desktop/rostwo_ws/install/turtlesim/include/turtlesim/srv/detail/kill__builder.hpp
[15.151s] -- Installing: /home/choiyujiin/Desktop/rostwo_ws/install/turtlesim/include/turtlesim/srv/detail/spawn__builder.hpp
[15.151s] -- Installing: /home/choiyujiin/Desktop/rostwo_ws/install/turtlesim/include/turtlesim/srv/detail/teleport_absolute__traits.hpp
[15.151s] -- Installing: /home/choiyujiin/Desktop/rostwo_ws/install/turtlesim/include/turtlesim/srv/detail/teleport_relative__struct.hpp
[15.151s] -- Installing: /home/choiyujiin/Desktop/rostwo_ws/install/turtlesim/include/turtlesim/srv/detail/teleport_absolute__struct.hpp
[15.151s] -- Installing: /home/choiyujiin/Desktop/rostwo_ws/install/turtlesim/include/turtlesim/srv/detail/teleport_relative__builder.hpp
[15.151s] -- Installing: /home/choiyujiin/Desktop/rostwo_ws/install/turtlesim/include/turtlesim/srv/detail/teleport_relative__traits.hpp
[15.151s] -- Installing: /home/choiyujiin/Desktop/rostwo_ws/install/turtlesim/include/turtlesim/srv/detail/teleport_absolute__builder.hpp
[15.151s] -- Installing: /home/choiyujiin/Desktop/rostwo_ws/install/turtlesim/include/turtlesim/srv/detail/set_pen__struct.hpp
[15.151s] -- Installing: /home/choiyujiin/Desktop/rostwo_ws/install/turtlesim/include/turtlesim/srv/detail/spawn__type_support.hpp
[15.152s] -- Installing: /home/choiyujiin/Desktop/rostwo_ws/install/turtlesim/include/turtlesim/srv/detail/teleport_absolute__type_support.hpp
[15.152s] -- Installing: /home/choiyujiin/Desktop/rostwo_ws/install/turtlesim/include/turtlesim/srv/detail/set_pen__builder.hpp
[15.152s] -- Installing: /home/choiyujiin/Desktop/rostwo_ws/install/turtlesim/include/turtlesim/srv/detail/spawn__traits.hpp
[15.152s] -- Installing: /home/choiyujiin/Desktop/rostwo_ws/install/turtlesim/include/turtlesim/srv/detail/kill__type_support.hpp
[15.152s] -- Installing: /home/choiyujiin/Desktop/rostwo_ws/install/turtlesim/include/turtlesim/srv/detail/set_pen__type_support.hpp
[15.152s] -- Installing: /home/choiyujiin/Desktop/rostwo_ws/install/turtlesim/include/turtlesim/srv/detail/teleport_relative__type_support.hpp
[15.152s] -- Installing: /home/choiyujiin/Desktop/rostwo_ws/install/turtlesim/include/turtlesim/srv/detail/kill__struct.hpp
[15.152s] -- Installing: /home/choiyujiin/Desktop/rostwo_ws/install/turtlesim/include/turtlesim/srv/detail/kill__traits.hpp
[15.152s] -- Installing: /home/choiyujiin/Desktop/rostwo_ws/install/turtlesim/include/turtlesim/srv/spawn.hpp
[15.152s] -- Installing: /home/choiyujiin/Desktop/rostwo_ws/install/turtlesim/include/turtlesim/srv/kill.hpp
[15.152s] -- Installing: /home/choiyujiin/Desktop/rostwo_ws/install/turtlesim/include/turtlesim/srv/teleport_relative.hpp
[15.152s] -- Up-to-date: /home/choiyujiin/Desktop/rostwo_ws/install/turtlesim/include/turtlesim/msg
[15.152s] -- Up-to-date: /home/choiyujiin/Desktop/rostwo_ws/install/turtlesim/include/turtlesim/msg/detail
[15.152s] -- Installing: /home/choiyujiin/Desktop/rostwo_ws/install/turtlesim/include/turtlesim/msg/detail/pose__builder.hpp
[15.152s] -- Installing: /home/choiyujiin/Desktop/rostwo_ws/install/turtlesim/include/turtlesim/msg/detail/color__struct.hpp
[15.152s] -- Installing: /home/choiyujiin/Desktop/rostwo_ws/install/turtlesim/include/turtlesim/msg/detail/pose__traits.hpp
[15.153s] -- Installing: /home/choiyujiin/Desktop/rostwo_ws/install/turtlesim/include/turtlesim/msg/detail/color__builder.hpp
[15.153s] -- Installing: /home/choiyujiin/Desktop/rostwo_ws/install/turtlesim/include/turtlesim/msg/detail/color__traits.hpp
[15.153s] -- Installing: /home/choiyujiin/Desktop/rostwo_ws/install/turtlesim/include/turtlesim/msg/detail/color__type_support.hpp
[15.153s] -- Installing: /home/choiyujiin/Desktop/rostwo_ws/install/turtlesim/include/turtlesim/msg/detail/pose__struct.hpp
[15.153s] -- Installing: /home/choiyujiin/Desktop/rostwo_ws/install/turtlesim/include/turtlesim/msg/detail/pose__type_support.hpp
[15.153s] -- Installing: /home/choiyujiin/Desktop/rostwo_ws/install/turtlesim/include/turtlesim/msg/pose.hpp
[15.153s] -- Installing: /home/choiyujiin/Desktop/rostwo_ws/install/turtlesim/include/turtlesim/msg/rosidl_generator_cpp__visibility_control.hpp
[15.153s] -- Installing: /home/choiyujiin/Desktop/rostwo_ws/install/turtlesim/include/turtlesim/msg/color.hpp
[15.153s] -- Up-to-date: /home/choiyujiin/Desktop/rostwo_ws/install/turtlesim/include/turtlesim/action
[15.153s] -- Up-to-date: /home/choiyujiin/Desktop/rostwo_ws/install/turtlesim/include/turtlesim/action/detail
[15.153s] -- Installing: /home/choiyujiin/Desktop/rostwo_ws/install/turtlesim/include/turtlesim/action/detail/rotate_absolute__struct.hpp
[15.153s] -- Installing: /home/choiyujiin/Desktop/rostwo_ws/install/turtlesim/include/turtlesim/action/detail/rotate_absolute__traits.hpp
[15.153s] -- Installing: /home/choiyujiin/Desktop/rostwo_ws/install/turtlesim/include/turtlesim/action/detail/rotate_absolute__type_support.hpp
[15.153s] -- Installing: /home/choiyujiin/Desktop/rostwo_ws/install/turtlesim/include/turtlesim/action/detail/rotate_absolute__builder.hpp
[15.153s] -- Installing: /home/choiyujiin/Desktop/rostwo_ws/install/turtlesim/include/turtlesim/action/rotate_absolute.hpp
[15.153s] -- Up-to-date: /home/choiyujiin/Desktop/rostwo_ws/install/turtlesim/include/turtlesim
[15.153s] -- Up-to-date: /home/choiyujiin/Desktop/rostwo_ws/install/turtlesim/include/turtlesim/srv
[15.153s] -- Up-to-date: /home/choiyujiin/Desktop/rostwo_ws/install/turtlesim/include/turtlesim/srv/detail
[15.153s] -- Installing: /home/choiyujiin/Desktop/rostwo_ws/install/turtlesim/include/turtlesim/srv/detail/teleport_absolute__rosidl_typesupport_introspection_cpp.hpp
[15.154s] -- Installing: /home/choiyujiin/Desktop/rostwo_ws/install/turtlesim/include/turtlesim/srv/detail/teleport_absolute__type_support.cpp
[15.154s] -- Installing: /home/choiyujiin/Desktop/rostwo_ws/install/turtlesim/include/turtlesim/srv/detail/teleport_relative__type_support.cpp
[15.154s] -- Installing: /home/choiyujiin/Desktop/rostwo_ws/install/turtlesim/include/turtlesim/srv/detail/set_pen__type_support.cpp
[15.154s] -- Installing: /home/choiyujiin/Desktop/rostwo_ws/install/turtlesim/include/turtlesim/srv/detail/spawn__rosidl_typesupport_introspection_cpp.hpp
[15.154s] -- Installing: /home/choiyujiin/Desktop/rostwo_ws/install/turtlesim/include/turtlesim/srv/detail/kill__rosidl_typesupport_introspection_cpp.hpp
[15.154s] -- Installing: /home/choiyujiin/Desktop/rostwo_ws/install/turtlesim/include/turtlesim/srv/detail/spawn__type_support.cpp
[15.154s] -- Installing: /home/choiyujiin/Desktop/rostwo_ws/install/turtlesim/include/turtlesim/srv/detail/set_pen__rosidl_typesupport_introspection_cpp.hpp
[15.154s] -- Installing: /home/choiyujiin/Desktop/rostwo_ws/install/turtlesim/include/turtlesim/srv/detail/teleport_relative__rosidl_typesupport_introspection_cpp.hpp
[15.154s] -- Installing: /home/choiyujiin/Desktop/rostwo_ws/install/turtlesim/include/turtlesim/srv/detail/kill__type_support.cpp
[15.154s] -- Up-to-date: /home/choiyujiin/Desktop/rostwo_ws/install/turtlesim/include/turtlesim/msg
[15.154s] -- Up-to-date: /home/choiyujiin/Desktop/rostwo_ws/install/turtlesim/include/turtlesim/msg/detail
[15.154s] -- Installing: /home/choiyujiin/Desktop/rostwo_ws/install/turtlesim/include/turtlesim/msg/detail/pose__type_support.cpp
[15.154s] -- Installing: /home/choiyujiin/Desktop/rostwo_ws/install/turtlesim/include/turtlesim/msg/detail/color__type_support.cpp
[15.154s] -- Installing: /home/choiyujiin/Desktop/rostwo_ws/install/turtlesim/include/turtlesim/msg/detail/color__rosidl_typesupport_introspection_cpp.hpp
[15.154s] -- Installing: /home/choiyujiin/Desktop/rostwo_ws/install/turtlesim/include/turtlesim/msg/detail/pose__rosidl_typesupport_introspection_cpp.hpp
[15.154s] -- Up-to-date: /home/choiyujiin/Desktop/rostwo_ws/install/turtlesim/include/turtlesim/action
[15.154s] -- Up-to-date: /home/choiyujiin/Desktop/rostwo_ws/install/turtlesim/include/turtlesim/action/detail
[15.154s] -- Installing: /home/choiyujiin/Desktop/rostwo_ws/install/turtlesim/include/turtlesim/action/detail/rotate_absolute__type_support.cpp
[15.154s] -- Installing: /home/choiyujiin/Desktop/rostwo_ws/install/turtlesim/include/turtlesim/action/detail/rotate_absolute__rosidl_typesupport_introspection_cpp.hpp
[15.154s] -- Installing: /home/choiyujiin/Desktop/rostwo_ws/install/turtlesim/lib/libturtlesim__rosidl_typesupport_introspection_cpp.so
[15.154s] -- Set runtime path of "/home/choiyujiin/Desktop/rostwo_ws/install/turtlesim/lib/libturtlesim__rosidl_typesupport_introspection_cpp.so" to ""
[15.154s] -- Installing: /home/choiyujiin/Desktop/rostwo_ws/install/turtlesim/lib/libturtlesim__rosidl_typesupport_cpp.so
[15.155s] -- Set runtime path of "/home/choiyujiin/Desktop/rostwo_ws/install/turtlesim/lib/libturtlesim__rosidl_typesupport_cpp.so" to ""
[15.155s] -- Installing: /home/choiyujiin/Desktop/rostwo_ws/install/turtlesim/share/turtlesim/environment/pythonpath.sh
[15.155s] -- Installing: /home/choiyujiin/Desktop/rostwo_ws/install/turtlesim/share/turtlesim/environment/pythonpath.dsv
[15.155s] -- Installing: /home/choiyujiin/Desktop/rostwo_ws/install/turtlesim/lib/python3.8/site-packages/turtlesim/__init__.py
[15.183s] Compiling '/home/choiyujiin/Desktop/rostwo_ws/install/turtlesim/lib/python3.8/site-packages/turtlesim/__init__.py'...
[15.186s] -- Installing: /home/choiyujiin/Desktop/rostwo_ws/install/turtlesim/lib/python3.8/site-packages/turtlesim/action
[15.186s] -- Installing: /home/choiyujiin/Desktop/rostwo_ws/install/turtlesim/lib/python3.8/site-packages/turtlesim/action/_rotate_absolute_s.c
[15.186s] -- Installing: /home/choiyujiin/Desktop/rostwo_ws/install/turtlesim/lib/python3.8/site-packages/turtlesim/action/_rotate_absolute.py
[15.186s] -- Installing: /home/choiyujiin/Desktop/rostwo_ws/install/turtlesim/lib/python3.8/site-packages/turtlesim/action/__init__.py
[15.186s] -- Installing: /home/choiyujiin/Desktop/rostwo_ws/install/turtlesim/lib/python3.8/site-packages/turtlesim/msg
[15.186s] -- Installing: /home/choiyujiin/Desktop/rostwo_ws/install/turtlesim/lib/python3.8/site-packages/turtlesim/msg/_color_s.c
[15.186s] -- Installing: /home/choiyujiin/Desktop/rostwo_ws/install/turtlesim/lib/python3.8/site-packages/turtlesim/msg/_pose.py
[15.186s] -- Installing: /home/choiyujiin/Desktop/rostwo_ws/install/turtlesim/lib/python3.8/site-packages/turtlesim/msg/_color.py
[15.186s] -- Installing: /home/choiyujiin/Desktop/rostwo_ws/install/turtlesim/lib/python3.8/site-packages/turtlesim/msg/_pose_s.c
[15.186s] -- Installing: /home/choiyujiin/Desktop/rostwo_ws/install/turtlesim/lib/python3.8/site-packages/turtlesim/msg/__init__.py
[15.186s] -- Installing: /home/choiyujiin/Desktop/rostwo_ws/install/turtlesim/lib/python3.8/site-packages/turtlesim/srv
[15.186s] -- Installing: /home/choiyujiin/Desktop/rostwo_ws/install/turtlesim/lib/python3.8/site-packages/turtlesim/srv/_spawn_s.c
[15.186s] -- Installing: /home/choiyujiin/Desktop/rostwo_ws/install/turtlesim/lib/python3.8/site-packages/turtlesim/srv/_spawn.py
[15.186s] -- Installing: /home/choiyujiin/Desktop/rostwo_ws/install/turtlesim/lib/python3.8/site-packages/turtlesim/srv/_teleport_absolute.py
[15.186s] -- Installing: /home/choiyujiin/Desktop/rostwo_ws/install/turtlesim/lib/python3.8/site-packages/turtlesim/srv/_set_pen.py
[15.186s] -- Installing: /home/choiyujiin/Desktop/rostwo_ws/install/turtlesim/lib/python3.8/site-packages/turtlesim/srv/_teleport_relative.py
[15.187s] -- Installing: /home/choiyujiin/Desktop/rostwo_ws/install/turtlesim/lib/python3.8/site-packages/turtlesim/srv/_kill.py
[15.187s] -- Installing: /home/choiyujiin/Desktop/rostwo_ws/install/turtlesim/lib/python3.8/site-packages/turtlesim/srv/_teleport_absolute_s.c
[15.187s] -- Installing: /home/choiyujiin/Desktop/rostwo_ws/install/turtlesim/lib/python3.8/site-packages/turtlesim/srv/_teleport_relative_s.c
[15.187s] -- Installing: /home/choiyujiin/Desktop/rostwo_ws/install/turtlesim/lib/python3.8/site-packages/turtlesim/srv/_kill_s.c
[15.187s] -- Installing: /home/choiyujiin/Desktop/rostwo_ws/install/turtlesim/lib/python3.8/site-packages/turtlesim/srv/_set_pen_s.c
[15.187s] -- Installing: /home/choiyujiin/Desktop/rostwo_ws/install/turtlesim/lib/python3.8/site-packages/turtlesim/srv/__init__.py
[15.187s] -- Installing: /home/choiyujiin/Desktop/rostwo_ws/install/turtlesim/lib/python3.8/site-packages/turtlesim/turtlesim_s__rosidl_typesupport_fastrtps_c.cpython-38-x86_64-linux-gnu.so
[15.187s] -- Set runtime path of "/home/choiyujiin/Desktop/rostwo_ws/install/turtlesim/lib/python3.8/site-packages/turtlesim/turtlesim_s__rosidl_typesupport_fastrtps_c.cpython-38-x86_64-linux-gnu.so" to ""
[15.187s] -- Installing: /home/choiyujiin/Desktop/rostwo_ws/install/turtlesim/lib/python3.8/site-packages/turtlesim/turtlesim_s__rosidl_typesupport_introspection_c.cpython-38-x86_64-linux-gnu.so
[15.188s] -- Set runtime path of "/home/choiyujiin/Desktop/rostwo_ws/install/turtlesim/lib/python3.8/site-packages/turtlesim/turtlesim_s__rosidl_typesupport_introspection_c.cpython-38-x86_64-linux-gnu.so" to ""
[15.188s] -- Installing: /home/choiyujiin/Desktop/rostwo_ws/install/turtlesim/lib/python3.8/site-packages/turtlesim/turtlesim_s__rosidl_typesupport_c.cpython-38-x86_64-linux-gnu.so
[15.188s] -- Set runtime path of "/home/choiyujiin/Desktop/rostwo_ws/install/turtlesim/lib/python3.8/site-packages/turtlesim/turtlesim_s__rosidl_typesupport_c.cpython-38-x86_64-linux-gnu.so" to ""
[15.188s] -- Installing: /home/choiyujiin/Desktop/rostwo_ws/install/turtlesim/lib/libturtlesim__python.so
[15.188s] -- Set runtime path of "/home/choiyujiin/Desktop/rostwo_ws/install/turtlesim/lib/libturtlesim__python.so" to ""
[15.188s] -- Installing: /home/choiyujiin/Desktop/rostwo_ws/install/turtlesim/share/turtlesim/action/RotateAbsolute.idl
[15.188s] -- Installing: /home/choiyujiin/Desktop/rostwo_ws/install/turtlesim/share/turtlesim/msg/Color.idl
[15.188s] -- Installing: /home/choiyujiin/Desktop/rostwo_ws/install/turtlesim/share/turtlesim/msg/Pose.idl
[15.189s] -- Installing: /home/choiyujiin/Desktop/rostwo_ws/install/turtlesim/share/turtlesim/srv/Kill.idl
[15.189s] -- Installing: /home/choiyujiin/Desktop/rostwo_ws/install/turtlesim/share/turtlesim/srv/SetPen.idl
[15.189s] -- Installing: /home/choiyujiin/Desktop/rostwo_ws/install/turtlesim/share/turtlesim/srv/Spawn.idl
[15.189s] -- Installing: /home/choiyujiin/Desktop/rostwo_ws/install/turtlesim/share/turtlesim/srv/TeleportAbsolute.idl
[15.189s] -- Installing: /home/choiyujiin/Desktop/rostwo_ws/install/turtlesim/share/turtlesim/srv/TeleportRelative.idl
[15.189s] -- Installing: /home/choiyujiin/Desktop/rostwo_ws/install/turtlesim/share/turtlesim/action/RotateAbsolute.action
[15.189s] -- Installing: /home/choiyujiin/Desktop/rostwo_ws/install/turtlesim/share/turtlesim/msg/Color.msg
[15.189s] -- Installing: /home/choiyujiin/Desktop/rostwo_ws/install/turtlesim/share/turtlesim/msg/Pose.msg
[15.189s] -- Installing: /home/choiyujiin/Desktop/rostwo_ws/install/turtlesim/share/turtlesim/srv/Kill.srv
[15.189s] -- Installing: /home/choiyujiin/Desktop/rostwo_ws/install/turtlesim/share/turtlesim/srv/Kill_Request.msg
[15.189s] -- Installing: /home/choiyujiin/Desktop/rostwo_ws/install/turtlesim/share/turtlesim/srv/Kill_Response.msg
[15.189s] -- Installing: /home/choiyujiin/Desktop/rostwo_ws/install/turtlesim/share/turtlesim/srv/SetPen.srv
[15.189s] -- Installing: /home/choiyujiin/Desktop/rostwo_ws/install/turtlesim/share/turtlesim/srv/SetPen_Request.msg
[15.189s] -- Installing: /home/choiyujiin/Desktop/rostwo_ws/install/turtlesim/share/turtlesim/srv/SetPen_Response.msg
[15.190s] -- Installing: /home/choiyujiin/Desktop/rostwo_ws/install/turtlesim/share/turtlesim/srv/Spawn.srv
[15.190s] -- Installing: /home/choiyujiin/Desktop/rostwo_ws/install/turtlesim/share/turtlesim/srv/Spawn_Request.msg
[15.190s] -- Installing: /home/choiyujiin/Desktop/rostwo_ws/install/turtlesim/share/turtlesim/srv/Spawn_Response.msg
[15.190s] -- Installing: /home/choiyujiin/Desktop/rostwo_ws/install/turtlesim/share/turtlesim/srv/TeleportAbsolute.srv
[15.190s] -- Installing: /home/choiyujiin/Desktop/rostwo_ws/install/turtlesim/share/turtlesim/srv/TeleportAbsolute_Request.msg
[15.190s] -- Installing: /home/choiyujiin/Desktop/rostwo_ws/install/turtlesim/share/turtlesim/srv/TeleportAbsolute_Response.msg
[15.190s] -- Installing: /home/choiyujiin/Desktop/rostwo_ws/install/turtlesim/share/turtlesim/srv/TeleportRelative.srv
[15.190s] -- Installing: /home/choiyujiin/Desktop/rostwo_ws/install/turtlesim/share/turtlesim/srv/TeleportRelative_Request.msg
[15.190s] -- Installing: /home/choiyujiin/Desktop/rostwo_ws/install/turtlesim/share/turtlesim/srv/TeleportRelative_Response.msg
[15.190s] -- Installing: /home/choiyujiin/Desktop/rostwo_ws/install/turtlesim/lib/turtlesim/turtlesim_node
[15.193s] -- Set runtime path of "/home/choiyujiin/Desktop/rostwo_ws/install/turtlesim/lib/turtlesim/turtlesim_node" to ""
[15.193s] -- Installing: /home/choiyujiin/Desktop/rostwo_ws/install/turtlesim/lib/turtlesim/turtle_teleop_key
[15.194s] -- Set runtime path of "/home/choiyujiin/Desktop/rostwo_ws/install/turtlesim/lib/turtlesim/turtle_teleop_key" to ""
[15.194s] -- Installing: /home/choiyujiin/Desktop/rostwo_ws/install/turtlesim/lib/turtlesim/draw_square
[15.195s] -- Set runtime path of "/home/choiyujiin/Desktop/rostwo_ws/install/turtlesim/lib/turtlesim/draw_square" to ""
[15.195s] -- Installing: /home/choiyujiin/Desktop/rostwo_ws/install/turtlesim/lib/turtlesim/mimic
[15.196s] -- Set runtime path of "/home/choiyujiin/Desktop/rostwo_ws/install/turtlesim/lib/turtlesim/mimic" to ""
[15.196s] -- Installing: /home/choiyujiin/Desktop/rostwo_ws/install/turtlesim/share/turtlesim/images
[15.196s] -- Installing: /home/choiyujiin/Desktop/rostwo_ws/install/turtlesim/share/turtlesim/images/crystal.png
[15.197s] -- Installing: /home/choiyujiin/Desktop/rostwo_ws/install/turtlesim/share/turtlesim/images/dashing.png
[15.197s] -- Installing: /home/choiyujiin/Desktop/rostwo_ws/install/turtlesim/share/turtlesim/images/bouncy.png
[15.197s] -- Installing: /home/choiyujiin/Desktop/rostwo_ws/install/turtlesim/share/turtlesim/images/foxy.png
[15.197s] -- Installing: /home/choiyujiin/Desktop/rostwo_ws/install/turtlesim/share/turtlesim/images/ardent.png
[15.197s] -- Installing: /home/choiyujiin/Desktop/rostwo_ws/install/turtlesim/share/turtlesim/images/eloquent.png
[15.197s] -- Installing: /home/choiyujiin/Desktop/rostwo_ws/install/turtlesim/share/turtlesim/launch
[15.197s] -- Installing: /home/choiyujiin/Desktop/rostwo_ws/install/turtlesim/share/turtlesim/launch/multisim.launch.py
[15.197s] -- Installing: /home/choiyujiin/Desktop/rostwo_ws/install/turtlesim/share/ament_index/resource_index/package_run_dependencies/turtlesim
[15.197s] -- Installing: /home/choiyujiin/Desktop/rostwo_ws/install/turtlesim/share/ament_index/resource_index/parent_prefix_path/turtlesim
[15.197s] -- Installing: /home/choiyujiin/Desktop/rostwo_ws/install/turtlesim/share/turtlesim/environment/ament_prefix_path.sh
[15.197s] -- Installing: /home/choiyujiin/Desktop/rostwo_ws/install/turtlesim/share/turtlesim/environment/ament_prefix_path.dsv
[15.197s] -- Installing: /home/choiyujiin/Desktop/rostwo_ws/install/turtlesim/share/turtlesim/environment/path.sh
[15.197s] -- Installing: /home/choiyujiin/Desktop/rostwo_ws/install/turtlesim/share/turtlesim/environment/path.dsv
[15.197s] -- Installing: /home/choiyujiin/Desktop/rostwo_ws/install/turtlesim/share/turtlesim/local_setup.bash
[15.197s] -- Installing: /home/choiyujiin/Desktop/rostwo_ws/install/turtlesim/share/turtlesim/local_setup.sh
[15.198s] -- Installing: /home/choiyujiin/Desktop/rostwo_ws/install/turtlesim/share/turtlesim/local_setup.zsh
[15.198s] -- Installing: /home/choiyujiin/Desktop/rostwo_ws/install/turtlesim/share/turtlesim/local_setup.dsv
[15.198s] -- Installing: /home/choiyujiin/Desktop/rostwo_ws/install/turtlesim/share/turtlesim/package.dsv
[15.198s] -- Installing: /home/choiyujiin/Desktop/rostwo_ws/install/turtlesim/share/ament_index/resource_index/packages/turtlesim
[15.198s] -- Installing: /home/choiyujiin/Desktop/rostwo_ws/install/turtlesim/share/turtlesim/cmake/turtlesim__rosidl_generator_cExport.cmake
[15.198s] -- Installing: /home/choiyujiin/Desktop/rostwo_ws/install/turtlesim/share/turtlesim/cmake/turtlesim__rosidl_generator_cExport-noconfig.cmake
[15.198s] -- Installing: /home/choiyujiin/Desktop/rostwo_ws/install/turtlesim/share/turtlesim/cmake/turtlesim__rosidl_typesupport_introspection_cExport.cmake
[15.198s] -- Installing: /home/choiyujiin/Desktop/rostwo_ws/install/turtlesim/share/turtlesim/cmake/turtlesim__rosidl_typesupport_introspection_cExport-noconfig.cmake
[15.198s] -- Installing: /home/choiyujiin/Desktop/rostwo_ws/install/turtlesim/share/turtlesim/cmake/turtlesim__rosidl_typesupport_cExport.cmake
[15.198s] -- Installing: /home/choiyujiin/Desktop/rostwo_ws/install/turtlesim/share/turtlesim/cmake/turtlesim__rosidl_typesupport_cExport-noconfig.cmake
[15.199s] -- Installing: /home/choiyujiin/Desktop/rostwo_ws/install/turtlesim/share/turtlesim/cmake/turtlesim__rosidl_generator_cppExport.cmake
[15.199s] -- Installing: /home/choiyujiin/Desktop/rostwo_ws/install/turtlesim/share/turtlesim/cmake/turtlesim__rosidl_typesupport_introspection_cppExport.cmake
[15.199s] -- Installing: /home/choiyujiin/Desktop/rostwo_ws/install/turtlesim/share/turtlesim/cmake/turtlesim__rosidl_typesupport_introspection_cppExport-noconfig.cmake
[15.199s] -- Installing: /home/choiyujiin/Desktop/rostwo_ws/install/turtlesim/share/turtlesim/cmake/turtlesim__rosidl_typesupport_cppExport.cmake
[15.199s] -- Installing: /home/choiyujiin/Desktop/rostwo_ws/install/turtlesim/share/turtlesim/cmake/turtlesim__rosidl_typesupport_cppExport-noconfig.cmake
[15.199s] -- Installing: /home/choiyujiin/Desktop/rostwo_ws/install/turtlesim/share/turtlesim/cmake/rosidl_cmake-extras.cmake
[15.199s] -- Installing: /home/choiyujiin/Desktop/rostwo_ws/install/turtlesim/share/turtlesim/cmake/ament_cmake_export_dependencies-extras.cmake
[15.199s] -- Installing: /home/choiyujiin/Desktop/rostwo_ws/install/turtlesim/share/turtlesim/cmake/ament_cmake_export_libraries-extras.cmake
[15.199s] -- Installing: /home/choiyujiin/Desktop/rostwo_ws/install/turtlesim/share/turtlesim/cmake/ament_cmake_export_targets-extras.cmake
[15.199s] -- Installing: /home/choiyujiin/Desktop/rostwo_ws/install/turtlesim/share/turtlesim/cmake/ament_cmake_export_include_directories-extras.cmake
[15.199s] -- Installing: /home/choiyujiin/Desktop/rostwo_ws/install/turtlesim/share/turtlesim/cmake/rosidl_cmake_export_typesupport_libraries-extras.cmake
[15.199s] -- Installing: /home/choiyujiin/Desktop/rostwo_ws/install/turtlesim/share/turtlesim/cmake/rosidl_cmake_export_typesupport_targets-extras.cmake
[15.200s] -- Installing: /home/choiyujiin/Desktop/rostwo_ws/install/turtlesim/share/turtlesim/cmake/turtlesimConfig.cmake
[15.200s] -- Installing: /home/choiyujiin/Desktop/rostwo_ws/install/turtlesim/share/turtlesim/cmake/turtlesimConfig-version.cmake
[15.200s] -- Installing: /home/choiyujiin/Desktop/rostwo_ws/install/turtlesim/share/turtlesim/package.xml
[15.202s] Invoked command in '/home/choiyujiin/Desktop/rostwo_ws/build/turtlesim' returned '0': CMAKE_PREFIX_PATH=/opt/ros/foxy /usr/bin/cmake --install /home/choiyujiin/Desktop/rostwo_ws/build/turtlesim
